2025-11-25 01:35:35,796 INFO o.a.j.u.JMeterUtils: Setting Locale to en_EN
2025-11-25 01:35:35,841 INFO o.a.j.JMeter: Loading user properties from: C:\Users\Lenovo\Downloads\apache-jmeter-5.6.3\apache-jmeter-5.6.3\bin\user.properties
2025-11-25 01:35:35,843 INFO o.a.j.JMeter: Loading system properties from: C:\Users\Lenovo\Downloads\apache-jmeter-5.6.3\apache-jmeter-5.6.3\bin\system.properties
2025-11-25 01:35:35,854 INFO o.a.j.JMeter: Copyright (c) 1998-2024 The Apache Software Foundation
2025-11-25 01:35:35,854 INFO o.a.j.JMeter: Version 5.6.3
2025-11-25 01:35:35,854 INFO o.a.j.JMeter: java.version=17.0.17
2025-11-25 01:35:35,856 INFO o.a.j.JMeter: java.vm.name=OpenJDK 64-Bit Server VM
2025-11-25 01:35:35,856 INFO o.a.j.JMeter: os.name=Windows 11
2025-11-25 01:35:35,856 INFO o.a.j.JMeter: os.arch=amd64
2025-11-25 01:35:35,856 INFO o.a.j.JMeter: os.version=10.0
2025-11-25 01:35:35,856 INFO o.a.j.JMeter: file.encoding=Cp1252
2025-11-25 01:35:35,857 INFO o.a.j.JMeter: java.awt.headless=null
2025-11-25 01:35:35,857 INFO o.a.j.JMeter: Max memory     =1073741824
2025-11-25 01:35:35,857 INFO o.a.j.JMeter: Available Processors =8
2025-11-25 01:35:35,872 INFO o.a.j.JMeter: Default Locale=English (EN)
2025-11-25 01:35:35,872 INFO o.a.j.JMeter: JMeter  Locale=English (EN)
2025-11-25 01:35:35,872 INFO o.a.j.JMeter: JMeterHome=C:\Users\Lenovo\Downloads\apache-jmeter-5.6.3\apache-jmeter-5.6.3
2025-11-25 01:35:35,872 INFO o.a.j.JMeter: user.dir  =C:\Users\Lenovo\Downloads\ProyectoWeb-main\ProyectoWeb-main
2025-11-25 01:35:35,878 INFO o.a.j.JMeter: PWD       =C:\Users\Lenovo\Downloads\ProyectoWeb-main\ProyectoWeb-main
2025-11-25 01:35:35,881 INFO o.a.j.JMeter: IP: 192.168.1.11 Name: LAPTOP-SBELTRAN FullName: host.docker.internal
2025-11-25 01:35:35,897 INFO o.a.j.JMeter: Loaded icon properties from org/apache/jmeter/images/icon.properties
2025-11-25 01:35:36,177 INFO o.a.j.JMeterGuiLauncher: Setting LAF to: com.github.weisj.darklaf.DarkLaf:com.github.weisj.darklaf.theme.DarculaTheme
2025-11-25 01:35:38,463 INFO o.a.j.JMeterGuiLauncher: Loading file: jmeter\load_test.jmx
2025-11-25 01:35:38,469 INFO o.a.j.s.FileServer: Default base='C:\Users\Lenovo\Downloads\ProyectoWeb-main\ProyectoWeb-main'
2025-11-25 01:35:38,471 INFO o.a.j.s.FileServer: Set new base='C:\Users\Lenovo\Downloads\ProyectoWeb-main\ProyectoWeb-main\jmeter'
2025-11-25 01:35:39,161 INFO o.a.j.s.SaveService: Testplan (JMX) version: 2.2. Testlog (JTL) version: 2.2
2025-11-25 01:35:39,239 INFO o.a.j.s.SaveService: Using SaveService properties version 5.0
2025-11-25 01:35:39,243 INFO o.a.j.s.SaveService: Using SaveService properties file encoding UTF-8
2025-11-25 01:35:39,244 INFO o.a.j.s.SaveService: Loading file: jmeter\load_test.jmx
2025-11-25 01:35:39,355 INFO o.a.j.p.h.s.HTTPSamplerBase: Parser for text/html is org.apache.jmeter.protocol.http.parser.LagartoBasedHtmlParser
2025-11-25 01:35:39,355 INFO o.a.j.p.h.s.HTTPSamplerBase: Parser for application/xhtml+xml is org.apache.jmeter.protocol.http.parser.LagartoBasedHtmlParser
2025-11-25 01:35:39,355 INFO o.a.j.p.h.s.HTTPSamplerBase: Parser for application/xml is org.apache.jmeter.protocol.http.parser.LagartoBasedHtmlParser
2025-11-25 01:35:39,355 INFO o.a.j.p.h.s.HTTPSamplerBase: Parser for text/xml is org.apache.jmeter.protocol.http.parser.LagartoBasedHtmlParser
2025-11-25 01:35:39,356 INFO o.a.j.p.h.s.HTTPSamplerBase: Parser for text/vnd.wap.wml is org.apache.jmeter.protocol.http.parser.RegexpHTMLParser
2025-11-25 01:35:39,356 INFO o.a.j.p.h.s.HTTPSamplerBase: Parser for text/css is org.apache.jmeter.protocol.http.parser.CssParser
2025-11-25 01:35:39,374 INFO o.a.j.s.FileServer: Set new base='C:\Users\Lenovo\Downloads\ProyectoWeb-main\ProyectoWeb-main\jmeter'
2025-11-25 01:35:39,556 INFO o.a.j.s.SampleResult: Note: Sample TimeStamps are START times
2025-11-25 01:35:39,556 INFO o.a.j.s.SampleResult: sampleresult.default.encoding is set to UTF-8
2025-11-25 01:35:39,556 INFO o.a.j.s.SampleResult: sampleresult.useNanoTime=true
2025-11-25 01:35:39,556 INFO o.a.j.s.SampleResult: sampleresult.nanoThreadSleep=5000
2025-11-25 01:36:02,850 INFO o.a.j.e.StandardJMeterEngine: Running the test!
2025-11-25 01:36:02,850 INFO o.a.j.s.SampleEvent: List of sample_variables: []
2025-11-25 01:36:02,853 INFO o.a.j.s.SampleEvent: List of sample_variables: []
2025-11-25 01:36:02,854 INFO o.a.j.e.u.CompoundVariable: Note: Function class names must contain the string: '.functions.'
2025-11-25 01:36:02,854 INFO o.a.j.e.u.CompoundVariable: Note: Function class names must not contain the string: '.gui.'
2025-11-25 01:36:02,970 INFO o.a.j.g.u.JMeterMenuBar: setRunning(true, *local*)
2025-11-25 01:36:03,012 INFO o.a.j.e.StandardJMeterEngine: Starting ThreadGroup: 1 : Smoke 50 users x2 loops
2025-11-25 01:36:03,012 INFO o.a.j.e.StandardJMeterEngine: Starting 50 threads for group Smoke 50 users x2 loops.
2025-11-25 01:36:03,012 INFO o.a.j.e.StandardJMeterEngine: Thread will continue on error
2025-11-25 01:36:03,014 INFO o.a.j.t.ThreadGroup: Starting thread group... number=1 threads=50 ramp-up=10 delayedStart=false
2025-11-25 01:36:03,020 INFO o.a.j.t.JMeterThread: Thread started: Smoke 50 users x2 loops 1-1
2025-11-25 01:36:03,049 INFO o.a.j.t.ThreadGroup: Started thread group number 1
2025-11-25 01:36:03,049 INFO o.a.j.e.StandardJMeterEngine: All thread groups have been started
2025-11-25 01:36:03,049 INFO o.a.j.p.h.s.HTTPHCAbstractImpl: Local host = LAPTOP-SBELTRAN
2025-11-25 01:36:03,066 INFO o.a.j.p.h.s.HTTPHC4Impl: HTTP request retry count = 0
2025-11-25 01:36:03,217 INFO o.a.j.t.JMeterThread: Thread started: Smoke 50 users x2 loops 1-2
2025-11-25 01:36:03,282 INFO o.a.j.u.JsseSSLManager: Using default SSL protocol: TLS
2025-11-25 01:36:03,282 INFO o.a.j.u.JsseSSLManager: SSL session context: per-thread
2025-11-25 01:36:03,298 INFO o.a.j.t.JMeterThread: Thread is done: Smoke 50 users x2 loops 1-1
2025-11-25 01:36:03,298 INFO o.a.j.t.JMeterThread: Thread is done: Smoke 50 users x2 loops 1-2
2025-11-25 01:36:03,298 INFO o.a.j.t.JMeterThread: Thread finished: Smoke 50 users x2 loops 1-2
2025-11-25 01:36:03,298 INFO o.a.j.t.JMeterThread: Thread finished: Smoke 50 users x2 loops 1-1
2025-11-25 01:36:03,420 INFO o.a.j.t.JMeterThread: Thread started: Smoke 50 users x2 loops 1-3
2025-11-25 01:36:03,442 INFO o.a.j.t.JMeterThread: Thread is done: Smoke 50 users x2 loops 1-3
2025-11-25 01:36:03,442 INFO o.a.j.t.JMeterThread: Thread finished: Smoke 50 users x2 loops 1-3
2025-11-25 01:36:03,618 INFO o.a.j.t.JMeterThread: Thread started: Smoke 50 users x2 loops 1-4
2025-11-25 01:36:03,639 INFO o.a.j.t.JMeterThread: Thread is done: Smoke 50 users x2 loops 1-4
2025-11-25 01:36:03,639 INFO o.a.j.t.JMeterThread: Thread finished: Smoke 50 users x2 loops 1-4
2025-11-25 01:36:03,815 INFO o.a.j.t.JMeterThread: Thread started: Smoke 50 users x2 loops 1-5
2025-11-25 01:36:03,835 INFO o.a.j.t.JMeterThread: Thread is done: Smoke 50 users x2 loops 1-5
2025-11-25 01:36:03,835 INFO o.a.j.t.JMeterThread: Thread finished: Smoke 50 users x2 loops 1-5
2025-11-25 01:36:04,019 INFO o.a.j.t.JMeterThread: Thread started: Smoke 50 users x2 loops 1-6
2025-11-25 01:36:04,041 INFO o.a.j.t.JMeterThread: Thread is done: Smoke 50 users x2 loops 1-6
2025-11-25 01:36:04,041 INFO o.a.j.t.JMeterThread: Thread finished: Smoke 50 users x2 loops 1-6
2025-11-25 01:36:04,215 INFO o.a.j.t.JMeterThread: Thread started: Smoke 50 users x2 loops 1-7
2025-11-25 01:36:04,235 INFO o.a.j.t.JMeterThread: Thread is done: Smoke 50 users x2 loops 1-7
2025-11-25 01:36:04,235 INFO o.a.j.t.JMeterThread: Thread finished: Smoke 50 users x2 loops 1-7
2025-11-25 01:36:04,418 INFO o.a.j.t.JMeterThread: Thread started: Smoke 50 users x2 loops 1-8
2025-11-25 01:36:04,443 INFO o.a.j.t.JMeterThread: Thread is done: Smoke 50 users x2 loops 1-8
2025-11-25 01:36:04,443 INFO o.a.j.t.JMeterThread: Thread finished: Smoke 50 users x2 loops 1-8
2025-11-25 01:36:04,618 INFO o.a.j.t.JMeterThread: Thread started: Smoke 50 users x2 loops 1-9
2025-11-25 01:36:04,639 INFO o.a.j.t.JMeterThread: Thread is done: Smoke 50 users x2 loops 1-9
2025-11-25 01:36:04,639 INFO o.a.j.t.JMeterThread: Thread finished: Smoke 50 users x2 loops 1-9
2025-11-25 01:36:04,816 INFO o.a.j.t.JMeterThread: Thread started: Smoke 50 users x2 loops 1-10
2025-11-25 01:36:04,837 INFO o.a.j.t.JMeterThread: Thread is done: Smoke 50 users x2 loops 1-10
2025-11-25 01:36:04,838 INFO o.a.j.t.JMeterThread: Thread finished: Smoke 50 users x2 loops 1-10
2025-11-25 01:36:05,017 INFO o.a.j.t.JMeterThread: Thread started: Smoke 50 users x2 loops 1-11
2025-11-25 01:36:05,039 INFO o.a.j.t.JMeterThread: Thread is done: Smoke 50 users x2 loops 1-11
2025-11-25 01:36:05,040 INFO o.a.j.t.JMeterThread: Thread finished: Smoke 50 users x2 loops 1-11
2025-11-25 01:36:05,220 INFO o.a.j.t.JMeterThread: Thread started: Smoke 50 users x2 loops 1-12
2025-11-25 01:36:05,242 INFO o.a.j.t.JMeterThread: Thread is done: Smoke 50 users x2 loops 1-12
2025-11-25 01:36:05,243 INFO o.a.j.t.JMeterThread: Thread finished: Smoke 50 users x2 loops 1-12
2025-11-25 01:36:05,416 INFO o.a.j.t.JMeterThread: Thread started: Smoke 50 users x2 loops 1-13
2025-11-25 01:36:05,438 INFO o.a.j.t.JMeterThread: Thread is done: Smoke 50 users x2 loops 1-13
2025-11-25 01:36:05,439 INFO o.a.j.t.JMeterThread: Thread finished: Smoke 50 users x2 loops 1-13
2025-11-25 01:36:05,616 INFO o.a.j.t.JMeterThread: Thread started: Smoke 50 users x2 loops 1-14
2025-11-25 01:36:05,639 INFO o.a.j.t.JMeterThread: Thread is done: Smoke 50 users x2 loops 1-14
2025-11-25 01:36:05,639 INFO o.a.j.t.JMeterThread: Thread finished: Smoke 50 users x2 loops 1-14
2025-11-25 01:36:05,816 INFO o.a.j.t.JMeterThread: Thread started: Smoke 50 users x2 loops 1-15
2025-11-25 01:36:05,838 INFO o.a.j.t.JMeterThread: Thread is done: Smoke 50 users x2 loops 1-15
2025-11-25 01:36:05,838 INFO o.a.j.t.JMeterThread: Thread finished: Smoke 50 users x2 loops 1-15
2025-11-25 01:36:06,015 INFO o.a.j.t.JMeterThread: Thread started: Smoke 50 users x2 loops 1-16
2025-11-25 01:36:06,038 INFO o.a.j.t.JMeterThread: Thread is done: Smoke 50 users x2 loops 1-16
2025-11-25 01:36:06,038 INFO o.a.j.t.JMeterThread: Thread finished: Smoke 50 users x2 loops 1-16
2025-11-25 01:36:06,217 INFO o.a.j.t.JMeterThread: Thread started: Smoke 50 users x2 loops 1-17
2025-11-25 01:36:06,238 INFO o.a.j.t.JMeterThread: Thread is done: Smoke 50 users x2 loops 1-17
2025-11-25 01:36:06,239 INFO o.a.j.t.JMeterThread: Thread finished: Smoke 50 users x2 loops 1-17
2025-11-25 01:36:06,417 INFO o.a.j.t.JMeterThread: Thread started: Smoke 50 users x2 loops 1-18
2025-11-25 01:36:06,439 INFO o.a.j.t.JMeterThread: Thread is done: Smoke 50 users x2 loops 1-18
2025-11-25 01:36:06,439 INFO o.a.j.t.JMeterThread: Thread finished: Smoke 50 users x2 loops 1-18
2025-11-25 01:36:06,614 INFO o.a.j.t.JMeterThread: Thread started: Smoke 50 users x2 loops 1-19
2025-11-25 01:36:06,635 INFO o.a.j.t.JMeterThread: Thread is done: Smoke 50 users x2 loops 1-19
2025-11-25 01:36:06,635 INFO o.a.j.t.JMeterThread: Thread finished: Smoke 50 users x2 loops 1-19
2025-11-25 01:36:06,815 INFO o.a.j.t.JMeterThread: Thread started: Smoke 50 users x2 loops 1-20
2025-11-25 01:36:06,838 INFO o.a.j.t.JMeterThread: Thread is done: Smoke 50 users x2 loops 1-20
2025-11-25 01:36:06,839 INFO o.a.j.t.JMeterThread: Thread finished: Smoke 50 users x2 loops 1-20
2025-11-25 01:36:07,015 INFO o.a.j.t.JMeterThread: Thread started: Smoke 50 users x2 loops 1-21
2025-11-25 01:36:07,034 INFO o.a.j.t.JMeterThread: Thread is done: Smoke 50 users x2 loops 1-21
2025-11-25 01:36:07,034 INFO o.a.j.t.JMeterThread: Thread finished: Smoke 50 users x2 loops 1-21
2025-11-25 01:36:07,216 INFO o.a.j.t.JMeterThread: Thread started: Smoke 50 users x2 loops 1-22
2025-11-25 01:36:07,238 INFO o.a.j.t.JMeterThread: Thread is done: Smoke 50 users x2 loops 1-22
2025-11-25 01:36:07,239 INFO o.a.j.t.JMeterThread: Thread finished: Smoke 50 users x2 loops 1-22
2025-11-25 01:36:07,414 INFO o.a.j.t.JMeterThread: Thread started: Smoke 50 users x2 loops 1-23
2025-11-25 01:36:07,435 INFO o.a.j.t.JMeterThread: Thread is done: Smoke 50 users x2 loops 1-23
2025-11-25 01:36:07,436 INFO o.a.j.t.JMeterThread: Thread finished: Smoke 50 users x2 loops 1-23
2025-11-25 01:36:07,617 INFO o.a.j.t.JMeterThread: Thread started: Smoke 50 users x2 loops 1-24
2025-11-25 01:36:07,647 INFO o.a.j.t.JMeterThread: Thread is done: Smoke 50 users x2 loops 1-24
2025-11-25 01:36:07,648 INFO o.a.j.t.JMeterThread: Thread finished: Smoke 50 users x2 loops 1-24
2025-11-25 01:36:07,817 INFO o.a.j.t.JMeterThread: Thread started: Smoke 50 users x2 loops 1-25
2025-11-25 01:36:07,837 INFO o.a.j.t.JMeterThread: Thread is done: Smoke 50 users x2 loops 1-25
2025-11-25 01:36:07,837 INFO o.a.j.t.JMeterThread: Thread finished: Smoke 50 users x2 loops 1-25
2025-11-25 01:36:08,016 INFO o.a.j.t.JMeterThread: Thread started: Smoke 50 users x2 loops 1-26
2025-11-25 01:36:08,035 INFO o.a.j.t.JMeterThread: Thread is done: Smoke 50 users x2 loops 1-26
2025-11-25 01:36:08,036 INFO o.a.j.t.JMeterThread: Thread finished: Smoke 50 users x2 loops 1-26
2025-11-25 01:36:08,215 INFO o.a.j.t.JMeterThread: Thread started: Smoke 50 users x2 loops 1-27
2025-11-25 01:36:08,236 INFO o.a.j.t.JMeterThread: Thread is done: Smoke 50 users x2 loops 1-27
2025-11-25 01:36:08,236 INFO o.a.j.t.JMeterThread: Thread finished: Smoke 50 users x2 loops 1-27
2025-11-25 01:36:08,416 INFO o.a.j.t.JMeterThread: Thread started: Smoke 50 users x2 loops 1-28
2025-11-25 01:36:08,437 INFO o.a.j.t.JMeterThread: Thread is done: Smoke 50 users x2 loops 1-28
2025-11-25 01:36:08,437 INFO o.a.j.t.JMeterThread: Thread finished: Smoke 50 users x2 loops 1-28
2025-11-25 01:36:08,615 INFO o.a.j.t.JMeterThread: Thread started: Smoke 50 users x2 loops 1-29
2025-11-25 01:36:08,636 INFO o.a.j.t.JMeterThread: Thread is done: Smoke 50 users x2 loops 1-29
2025-11-25 01:36:08,636 INFO o.a.j.t.JMeterThread: Thread finished: Smoke 50 users x2 loops 1-29
2025-11-25 01:36:08,816 INFO o.a.j.t.JMeterThread: Thread started: Smoke 50 users x2 loops 1-30
2025-11-25 01:36:08,842 INFO o.a.j.t.JMeterThread: Thread is done: Smoke 50 users x2 loops 1-30
2025-11-25 01:36:08,842 INFO o.a.j.t.JMeterThread: Thread finished: Smoke 50 users x2 loops 1-30
2025-11-25 01:36:09,015 INFO o.a.j.t.JMeterThread: Thread started: Smoke 50 users x2 loops 1-31
2025-11-25 01:36:09,041 INFO o.a.j.t.JMeterThread: Thread is done: Smoke 50 users x2 loops 1-31
2025-11-25 01:36:09,041 INFO o.a.j.t.JMeterThread: Thread finished: Smoke 50 users x2 loops 1-31
2025-11-25 01:36:09,215 INFO o.a.j.t.JMeterThread: Thread started: Smoke 50 users x2 loops 1-32
2025-11-25 01:36:09,237 INFO o.a.j.t.JMeterThread: Thread is done: Smoke 50 users x2 loops 1-32
2025-11-25 01:36:09,238 INFO o.a.j.t.JMeterThread: Thread finished: Smoke 50 users x2 loops 1-32
2025-11-25 01:36:09,416 INFO o.a.j.t.JMeterThread: Thread started: Smoke 50 users x2 loops 1-33
2025-11-25 01:36:09,443 INFO o.a.j.t.JMeterThread: Thread is done: Smoke 50 users x2 loops 1-33
2025-11-25 01:36:09,444 INFO o.a.j.t.JMeterThread: Thread finished: Smoke 50 users x2 loops 1-33
2025-11-25 01:36:09,616 INFO o.a.j.t.JMeterThread: Thread started: Smoke 50 users x2 loops 1-34
2025-11-25 01:36:09,636 INFO o.a.j.t.JMeterThread: Thread is done: Smoke 50 users x2 loops 1-34
2025-11-25 01:36:09,637 INFO o.a.j.t.JMeterThread: Thread finished: Smoke 50 users x2 loops 1-34
2025-11-25 01:36:09,816 INFO o.a.j.t.JMeterThread: Thread started: Smoke 50 users x2 loops 1-35
2025-11-25 01:36:09,836 INFO o.a.j.t.JMeterThread: Thread is done: Smoke 50 users x2 loops 1-35
2025-11-25 01:36:09,837 INFO o.a.j.t.JMeterThread: Thread finished: Smoke 50 users x2 loops 1-35
2025-11-25 01:36:10,015 INFO o.a.j.t.JMeterThread: Thread started: Smoke 50 users x2 loops 1-36
2025-11-25 01:36:10,036 INFO o.a.j.t.JMeterThread: Thread is done: Smoke 50 users x2 loops 1-36
2025-11-25 01:36:10,036 INFO o.a.j.t.JMeterThread: Thread finished: Smoke 50 users x2 loops 1-36
2025-11-25 01:36:10,215 INFO o.a.j.t.JMeterThread: Thread started: Smoke 50 users x2 loops 1-37
2025-11-25 01:36:10,232 INFO o.a.j.t.JMeterThread: Thread is done: Smoke 50 users x2 loops 1-37
2025-11-25 01:36:10,233 INFO o.a.j.t.JMeterThread: Thread finished: Smoke 50 users x2 loops 1-37
2025-11-25 01:36:10,416 INFO o.a.j.t.JMeterThread: Thread started: Smoke 50 users x2 loops 1-38
2025-11-25 01:36:10,439 INFO o.a.j.t.JMeterThread: Thread is done: Smoke 50 users x2 loops 1-38
2025-11-25 01:36:10,439 INFO o.a.j.t.JMeterThread: Thread finished: Smoke 50 users x2 loops 1-38
2025-11-25 01:36:10,616 INFO o.a.j.t.JMeterThread: Thread started: Smoke 50 users x2 loops 1-39
2025-11-25 01:36:10,650 INFO o.a.j.t.JMeterThread: Thread is done: Smoke 50 users x2 loops 1-39
2025-11-25 01:36:10,650 INFO o.a.j.t.JMeterThread: Thread finished: Smoke 50 users x2 loops 1-39
2025-11-25 01:36:10,816 INFO o.a.j.t.JMeterThread: Thread started: Smoke 50 users x2 loops 1-40
2025-11-25 01:36:10,835 INFO o.a.j.t.JMeterThread: Thread is done: Smoke 50 users x2 loops 1-40
2025-11-25 01:36:10,835 INFO o.a.j.t.JMeterThread: Thread finished: Smoke 50 users x2 loops 1-40
2025-11-25 01:36:11,019 INFO o.a.j.t.JMeterThread: Thread started: Smoke 50 users x2 loops 1-41
2025-11-25 01:36:11,039 INFO o.a.j.t.JMeterThread: Thread is done: Smoke 50 users x2 loops 1-41
2025-11-25 01:36:11,040 INFO o.a.j.t.JMeterThread: Thread finished: Smoke 50 users x2 loops 1-41
2025-11-25 01:36:11,216 INFO o.a.j.t.JMeterThread: Thread started: Smoke 50 users x2 loops 1-42
2025-11-25 01:36:11,234 INFO o.a.j.t.JMeterThread: Thread is done: Smoke 50 users x2 loops 1-42
2025-11-25 01:36:11,234 INFO o.a.j.t.JMeterThread: Thread finished: Smoke 50 users x2 loops 1-42
2025-11-25 01:36:11,417 INFO o.a.j.t.JMeterThread: Thread started: Smoke 50 users x2 loops 1-43
2025-11-25 01:36:11,437 INFO o.a.j.t.JMeterThread: Thread is done: Smoke 50 users x2 loops 1-43
2025-11-25 01:36:11,438 INFO o.a.j.t.JMeterThread: Thread finished: Smoke 50 users x2 loops 1-43
2025-11-25 01:36:11,621 INFO o.a.j.t.JMeterThread: Thread started: Smoke 50 users x2 loops 1-44
2025-11-25 01:36:11,639 INFO o.a.j.t.JMeterThread: Thread is done: Smoke 50 users x2 loops 1-44
2025-11-25 01:36:11,640 INFO o.a.j.t.JMeterThread: Thread finished: Smoke 50 users x2 loops 1-44
2025-11-25 01:36:11,822 INFO o.a.j.t.JMeterThread: Thread started: Smoke 50 users x2 loops 1-45
2025-11-25 01:36:11,845 INFO o.a.j.t.JMeterThread: Thread is done: Smoke 50 users x2 loops 1-45
2025-11-25 01:36:11,845 INFO o.a.j.t.JMeterThread: Thread finished: Smoke 50 users x2 loops 1-45
2025-11-25 01:36:12,018 INFO o.a.j.t.JMeterThread: Thread started: Smoke 50 users x2 loops 1-46
2025-11-25 01:36:12,042 INFO o.a.j.t.JMeterThread: Thread is done: Smoke 50 users x2 loops 1-46
2025-11-25 01:36:12,042 INFO o.a.j.t.JMeterThread: Thread finished: Smoke 50 users x2 loops 1-46
2025-11-25 01:36:12,218 INFO o.a.j.t.JMeterThread: Thread started: Smoke 50 users x2 loops 1-47
2025-11-25 01:36:12,236 INFO o.a.j.t.JMeterThread: Thread is done: Smoke 50 users x2 loops 1-47
2025-11-25 01:36:12,237 INFO o.a.j.t.JMeterThread: Thread finished: Smoke 50 users x2 loops 1-47
2025-11-25 01:36:12,419 INFO o.a.j.t.JMeterThread: Thread started: Smoke 50 users x2 loops 1-48
2025-11-25 01:36:12,442 INFO o.a.j.t.JMeterThread: Thread is done: Smoke 50 users x2 loops 1-48
2025-11-25 01:36:12,442 INFO o.a.j.t.JMeterThread: Thread finished: Smoke 50 users x2 loops 1-48
2025-11-25 01:36:12,618 INFO o.a.j.t.JMeterThread: Thread started: Smoke 50 users x2 loops 1-49
2025-11-25 01:36:12,639 INFO o.a.j.t.JMeterThread: Thread is done: Smoke 50 users x2 loops 1-49
2025-11-25 01:36:12,639 INFO o.a.j.t.JMeterThread: Thread finished: Smoke 50 users x2 loops 1-49
2025-11-25 01:36:12,817 INFO o.a.j.t.JMeterThread: Thread started: Smoke 50 users x2 loops 1-50
2025-11-25 01:36:12,838 INFO o.a.j.t.JMeterThread: Thread is done: Smoke 50 users x2 loops 1-50
2025-11-25 01:36:12,838 INFO o.a.j.t.JMeterThread: Thread finished: Smoke 50 users x2 loops 1-50
2025-11-25 01:36:12,839 INFO o.a.j.e.StandardJMeterEngine: Notifying test listeners of end of test
2025-11-25 01:36:12,839 INFO o.a.j.g.u.JMeterMenuBar: setRunning(false, *local*)
2025-11-25 01:36:53,147 INFO o.a.j.e.StandardJMeterEngine: Running the test!
2025-11-25 01:36:53,147 INFO o.a.j.s.SampleEvent: List of sample_variables: []
2025-11-25 01:36:53,150 INFO o.a.j.g.u.JMeterMenuBar: setRunning(true, *local*)
2025-11-25 01:36:53,183 INFO o.a.j.e.StandardJMeterEngine: Starting ThreadGroup: 1 : Smoke 50 users x2 loops
2025-11-25 01:36:53,183 INFO o.a.j.e.StandardJMeterEngine: Starting 50 threads for group Smoke 50 users x2 loops.
2025-11-25 01:36:53,183 INFO o.a.j.e.StandardJMeterEngine: Thread will continue on error
2025-11-25 01:36:53,186 INFO o.a.j.t.ThreadGroup: Starting thread group... number=1 threads=50 ramp-up=10 delayedStart=false
2025-11-25 01:36:53,187 INFO o.a.j.t.JMeterThread: Thread started: Smoke 50 users x2 loops 1-1
2025-11-25 01:36:53,200 INFO o.a.j.t.ThreadGroup: Started thread group number 1
2025-11-25 01:36:53,200 INFO o.a.j.e.StandardJMeterEngine: All thread groups have been started
2025-11-25 01:36:53,219 INFO o.a.j.t.JMeterThread: Thread is done: Smoke 50 users x2 loops 1-1
2025-11-25 01:36:53,219 INFO o.a.j.t.JMeterThread: Thread finished: Smoke 50 users x2 loops 1-1
2025-11-25 01:36:53,395 INFO o.a.j.t.JMeterThread: Thread started: Smoke 50 users x2 loops 1-2
2025-11-25 01:36:53,416 INFO o.a.j.t.JMeterThread: Thread is done: Smoke 50 users x2 loops 1-2
2025-11-25 01:36:53,416 INFO o.a.j.t.JMeterThread: Thread finished: Smoke 50 users x2 loops 1-2
2025-11-25 01:36:53,595 INFO o.a.j.t.JMeterThread: Thread started: Smoke 50 users x2 loops 1-3
2025-11-25 01:36:53,615 INFO o.a.j.t.JMeterThread: Thread is done: Smoke 50 users x2 loops 1-3
2025-11-25 01:36:53,615 INFO o.a.j.t.JMeterThread: Thread finished: Smoke 50 users x2 loops 1-3
2025-11-25 01:36:53,787 INFO o.a.j.t.JMeterThread: Thread started: Smoke 50 users x2 loops 1-4
2025-11-25 01:36:53,823 INFO o.a.j.t.JMeterThread: Thread is done: Smoke 50 users x2 loops 1-4
2025-11-25 01:36:53,824 INFO o.a.j.t.JMeterThread: Thread finished: Smoke 50 users x2 loops 1-4
2025-11-25 01:36:53,987 INFO o.a.j.t.JMeterThread: Thread started: Smoke 50 users x2 loops 1-5
2025-11-25 01:36:54,015 INFO o.a.j.t.JMeterThread: Thread is done: Smoke 50 users x2 loops 1-5
2025-11-25 01:36:54,015 INFO o.a.j.t.JMeterThread: Thread finished: Smoke 50 users x2 loops 1-5
2025-11-25 01:36:54,188 INFO o.a.j.t.JMeterThread: Thread started: Smoke 50 users x2 loops 1-6
2025-11-25 01:36:54,222 INFO o.a.j.t.JMeterThread: Thread is done: Smoke 50 users x2 loops 1-6
2025-11-25 01:36:54,222 INFO o.a.j.t.JMeterThread: Thread finished: Smoke 50 users x2 loops 1-6
2025-11-25 01:36:54,387 INFO o.a.j.t.JMeterThread: Thread started: Smoke 50 users x2 loops 1-7
2025-11-25 01:36:54,413 INFO o.a.j.t.JMeterThread: Thread is done: Smoke 50 users x2 loops 1-7
2025-11-25 01:36:54,413 INFO o.a.j.t.JMeterThread: Thread finished: Smoke 50 users x2 loops 1-7
2025-11-25 01:36:54,587 INFO o.a.j.t.JMeterThread: Thread started: Smoke 50 users x2 loops 1-8
2025-11-25 01:36:54,615 INFO o.a.j.t.JMeterThread: Thread is done: Smoke 50 users x2 loops 1-8
2025-11-25 01:36:54,616 INFO o.a.j.t.JMeterThread: Thread finished: Smoke 50 users x2 loops 1-8
2025-11-25 01:36:54,787 INFO o.a.j.t.JMeterThread: Thread started: Smoke 50 users x2 loops 1-9
2025-11-25 01:36:54,808 INFO o.a.j.t.JMeterThread: Thread is done: Smoke 50 users x2 loops 1-9
2025-11-25 01:36:54,808 INFO o.a.j.t.JMeterThread: Thread finished: Smoke 50 users x2 loops 1-9
2025-11-25 01:36:54,986 INFO o.a.j.t.JMeterThread: Thread started: Smoke 50 users x2 loops 1-10
2025-11-25 01:36:55,012 INFO o.a.j.t.JMeterThread: Thread is done: Smoke 50 users x2 loops 1-10
2025-11-25 01:36:55,012 INFO o.a.j.t.JMeterThread: Thread finished: Smoke 50 users x2 loops 1-10
2025-11-25 01:36:55,186 INFO o.a.j.t.JMeterThread: Thread started: Smoke 50 users x2 loops 1-11
2025-11-25 01:36:55,210 INFO o.a.j.t.JMeterThread: Thread is done: Smoke 50 users x2 loops 1-11
2025-11-25 01:36:55,211 INFO o.a.j.t.JMeterThread: Thread finished: Smoke 50 users x2 loops 1-11
2025-11-25 01:36:55,387 INFO o.a.j.t.JMeterThread: Thread started: Smoke 50 users x2 loops 1-12
2025-11-25 01:36:55,411 INFO o.a.j.t.JMeterThread: Thread is done: Smoke 50 users x2 loops 1-12
2025-11-25 01:36:55,411 INFO o.a.j.t.JMeterThread: Thread finished: Smoke 50 users x2 loops 1-12
2025-11-25 01:36:55,587 INFO o.a.j.t.JMeterThread: Thread started: Smoke 50 users x2 loops 1-13
2025-11-25 01:36:55,607 INFO o.a.j.t.JMeterThread: Thread is done: Smoke 50 users x2 loops 1-13
2025-11-25 01:36:55,607 INFO o.a.j.t.JMeterThread: Thread finished: Smoke 50 users x2 loops 1-13
2025-11-25 01:36:55,789 INFO o.a.j.t.JMeterThread: Thread started: Smoke 50 users x2 loops 1-14
2025-11-25 01:36:55,818 INFO o.a.j.t.JMeterThread: Thread is done: Smoke 50 users x2 loops 1-14
2025-11-25 01:36:55,818 INFO o.a.j.t.JMeterThread: Thread finished: Smoke 50 users x2 loops 1-14
2025-11-25 01:36:55,989 INFO o.a.j.t.JMeterThread: Thread started: Smoke 50 users x2 loops 1-15
2025-11-25 01:36:56,010 INFO o.a.j.t.JMeterThread: Thread is done: Smoke 50 users x2 loops 1-15
2025-11-25 01:36:56,010 INFO o.a.j.t.JMeterThread: Thread finished: Smoke 50 users x2 loops 1-15
2025-11-25 01:36:56,187 INFO o.a.j.t.JMeterThread: Thread started: Smoke 50 users x2 loops 1-16
2025-11-25 01:36:56,208 INFO o.a.j.t.JMeterThread: Thread is done: Smoke 50 users x2 loops 1-16
2025-11-25 01:36:56,208 INFO o.a.j.t.JMeterThread: Thread finished: Smoke 50 users x2 loops 1-16
2025-11-25 01:36:56,387 INFO o.a.j.t.JMeterThread: Thread started: Smoke 50 users x2 loops 1-17
2025-11-25 01:36:56,411 INFO o.a.j.t.JMeterThread: Thread is done: Smoke 50 users x2 loops 1-17
2025-11-25 01:36:56,411 INFO o.a.j.t.JMeterThread: Thread finished: Smoke 50 users x2 loops 1-17
2025-11-25 01:36:56,587 INFO o.a.j.t.JMeterThread: Thread started: Smoke 50 users x2 loops 1-18
2025-11-25 01:36:56,610 INFO o.a.j.t.JMeterThread: Thread is done: Smoke 50 users x2 loops 1-18
2025-11-25 01:36:56,611 INFO o.a.j.t.JMeterThread: Thread finished: Smoke 50 users x2 loops 1-18
2025-11-25 01:36:56,788 INFO o.a.j.t.JMeterThread: Thread started: Smoke 50 users x2 loops 1-19
2025-11-25 01:36:56,812 INFO o.a.j.t.JMeterThread: Thread is done: Smoke 50 users x2 loops 1-19
2025-11-25 01:36:56,812 INFO o.a.j.t.JMeterThread: Thread finished: Smoke 50 users x2 loops 1-19
2025-11-25 01:36:56,987 INFO o.a.j.t.JMeterThread: Thread started: Smoke 50 users x2 loops 1-20
2025-11-25 01:36:57,011 INFO o.a.j.t.JMeterThread: Thread is done: Smoke 50 users x2 loops 1-20
2025-11-25 01:36:57,011 INFO o.a.j.t.JMeterThread: Thread finished: Smoke 50 users x2 loops 1-20
2025-11-25 01:36:57,189 INFO o.a.j.t.JMeterThread: Thread started: Smoke 50 users x2 loops 1-21
2025-11-25 01:36:57,217 INFO o.a.j.t.JMeterThread: Thread is done: Smoke 50 users x2 loops 1-21
2025-11-25 01:36:57,218 INFO o.a.j.t.JMeterThread: Thread finished: Smoke 50 users x2 loops 1-21
2025-11-25 01:36:57,391 INFO o.a.j.t.JMeterThread: Thread started: Smoke 50 users x2 loops 1-22
2025-11-25 01:36:57,416 INFO o.a.j.t.JMeterThread: Thread is done: Smoke 50 users x2 loops 1-22
2025-11-25 01:36:57,416 INFO o.a.j.t.JMeterThread: Thread finished: Smoke 50 users x2 loops 1-22
2025-11-25 01:36:57,589 INFO o.a.j.t.JMeterThread: Thread started: Smoke 50 users x2 loops 1-23
2025-11-25 01:36:57,616 INFO o.a.j.t.JMeterThread: Thread is done: Smoke 50 users x2 loops 1-23
2025-11-25 01:36:57,616 INFO o.a.j.t.JMeterThread: Thread finished: Smoke 50 users x2 loops 1-23
2025-11-25 01:36:57,788 INFO o.a.j.t.JMeterThread: Thread started: Smoke 50 users x2 loops 1-24
2025-11-25 01:36:57,811 INFO o.a.j.t.JMeterThread: Thread is done: Smoke 50 users x2 loops 1-24
2025-11-25 01:36:57,812 INFO o.a.j.t.JMeterThread: Thread finished: Smoke 50 users x2 loops 1-24
2025-11-25 01:36:57,988 INFO o.a.j.t.JMeterThread: Thread started: Smoke 50 users x2 loops 1-25
2025-11-25 01:36:58,010 INFO o.a.j.t.JMeterThread: Thread is done: Smoke 50 users x2 loops 1-25
2025-11-25 01:36:58,010 INFO o.a.j.t.JMeterThread: Thread finished: Smoke 50 users x2 loops 1-25
2025-11-25 01:36:58,197 INFO o.a.j.t.JMeterThread: Thread started: Smoke 50 users x2 loops 1-26
2025-11-25 01:36:58,226 INFO o.a.j.t.JMeterThread: Thread is done: Smoke 50 users x2 loops 1-26
2025-11-25 01:36:58,226 INFO o.a.j.t.JMeterThread: Thread finished: Smoke 50 users x2 loops 1-26
2025-11-25 01:36:58,389 INFO o.a.j.t.JMeterThread: Thread started: Smoke 50 users x2 loops 1-27
2025-11-25 01:36:58,413 INFO o.a.j.t.JMeterThread: Thread is done: Smoke 50 users x2 loops 1-27
2025-11-25 01:36:58,413 INFO o.a.j.t.JMeterThread: Thread finished: Smoke 50 users x2 loops 1-27
2025-11-25 01:36:58,588 INFO o.a.j.t.JMeterThread: Thread started: Smoke 50 users x2 loops 1-28
2025-11-25 01:36:58,608 INFO o.a.j.t.JMeterThread: Thread is done: Smoke 50 users x2 loops 1-28
2025-11-25 01:36:58,608 INFO o.a.j.t.JMeterThread: Thread finished: Smoke 50 users x2 loops 1-28
2025-11-25 01:36:58,787 INFO o.a.j.t.JMeterThread: Thread started: Smoke 50 users x2 loops 1-29
2025-11-25 01:36:58,809 INFO o.a.j.t.JMeterThread: Thread is done: Smoke 50 users x2 loops 1-29
2025-11-25 01:36:58,809 INFO o.a.j.t.JMeterThread: Thread finished: Smoke 50 users x2 loops 1-29
2025-11-25 01:36:58,988 INFO o.a.j.t.JMeterThread: Thread started: Smoke 50 users x2 loops 1-30
2025-11-25 01:36:59,008 INFO o.a.j.t.JMeterThread: Thread is done: Smoke 50 users x2 loops 1-30
2025-11-25 01:36:59,009 INFO o.a.j.t.JMeterThread: Thread finished: Smoke 50 users x2 loops 1-30
2025-11-25 01:36:59,188 INFO o.a.j.t.JMeterThread: Thread started: Smoke 50 users x2 loops 1-31
2025-11-25 01:36:59,210 INFO o.a.j.t.JMeterThread: Thread is done: Smoke 50 users x2 loops 1-31
2025-11-25 01:36:59,210 INFO o.a.j.t.JMeterThread: Thread finished: Smoke 50 users x2 loops 1-31
2025-11-25 01:36:59,388 INFO o.a.j.t.JMeterThread: Thread started: Smoke 50 users x2 loops 1-32
2025-11-25 01:36:59,412 INFO o.a.j.t.JMeterThread: Thread is done: Smoke 50 users x2 loops 1-32
2025-11-25 01:36:59,412 INFO o.a.j.t.JMeterThread: Thread finished: Smoke 50 users x2 loops 1-32
2025-11-25 01:36:59,588 INFO o.a.j.t.JMeterThread: Thread started: Smoke 50 users x2 loops 1-33
2025-11-25 01:36:59,616 INFO o.a.j.t.JMeterThread: Thread is done: Smoke 50 users x2 loops 1-33
2025-11-25 01:36:59,616 INFO o.a.j.t.JMeterThread: Thread finished: Smoke 50 users x2 loops 1-33
2025-11-25 01:36:59,787 INFO o.a.j.t.JMeterThread: Thread started: Smoke 50 users x2 loops 1-34
2025-11-25 01:36:59,809 INFO o.a.j.t.JMeterThread: Thread is done: Smoke 50 users x2 loops 1-34
2025-11-25 01:36:59,809 INFO o.a.j.t.JMeterThread: Thread finished: Smoke 50 users x2 loops 1-34
2025-11-25 01:36:59,987 INFO o.a.j.t.JMeterThread: Thread started: Smoke 50 users x2 loops 1-35
2025-11-25 01:37:00,011 INFO o.a.j.t.JMeterThread: Thread is done: Smoke 50 users x2 loops 1-35
2025-11-25 01:37:00,012 INFO o.a.j.t.JMeterThread: Thread finished: Smoke 50 users x2 loops 1-35
2025-11-25 01:37:00,188 INFO o.a.j.t.JMeterThread: Thread started: Smoke 50 users x2 loops 1-36
2025-11-25 01:37:00,210 INFO o.a.j.t.JMeterThread: Thread is done: Smoke 50 users x2 loops 1-36
2025-11-25 01:37:00,210 INFO o.a.j.t.JMeterThread: Thread finished: Smoke 50 users x2 loops 1-36
2025-11-25 01:37:00,388 INFO o.a.j.t.JMeterThread: Thread started: Smoke 50 users x2 loops 1-37
2025-11-25 01:37:00,412 INFO o.a.j.t.JMeterThread: Thread is done: Smoke 50 users x2 loops 1-37
2025-11-25 01:37:00,413 INFO o.a.j.t.JMeterThread: Thread finished: Smoke 50 users x2 loops 1-37
2025-11-25 01:37:00,586 INFO o.a.j.t.JMeterThread: Thread started: Smoke 50 users x2 loops 1-38
2025-11-25 01:37:00,613 INFO o.a.j.t.JMeterThread: Thread is done: Smoke 50 users x2 loops 1-38
2025-11-25 01:37:00,613 INFO o.a.j.t.JMeterThread: Thread finished: Smoke 50 users x2 loops 1-38
2025-11-25 01:37:00,788 INFO o.a.j.t.JMeterThread: Thread started: Smoke 50 users x2 loops 1-39
2025-11-25 01:37:00,812 INFO o.a.j.t.JMeterThread: Thread is done: Smoke 50 users x2 loops 1-39
2025-11-25 01:37:00,812 INFO o.a.j.t.JMeterThread: Thread finished: Smoke 50 users x2 loops 1-39
2025-11-25 01:37:00,988 INFO o.a.j.t.JMeterThread: Thread started: Smoke 50 users x2 loops 1-40
2025-11-25 01:37:01,007 INFO o.a.j.t.JMeterThread: Thread is done: Smoke 50 users x2 loops 1-40
2025-11-25 01:37:01,007 INFO o.a.j.t.JMeterThread: Thread finished: Smoke 50 users x2 loops 1-40
2025-11-25 01:37:01,186 INFO o.a.j.t.JMeterThread: Thread started: Smoke 50 users x2 loops 1-41
2025-11-25 01:37:01,206 INFO o.a.j.t.JMeterThread: Thread is done: Smoke 50 users x2 loops 1-41
2025-11-25 01:37:01,206 INFO o.a.j.t.JMeterThread: Thread finished: Smoke 50 users x2 loops 1-41
2025-11-25 01:37:01,388 INFO o.a.j.t.JMeterThread: Thread started: Smoke 50 users x2 loops 1-42
2025-11-25 01:37:01,411 INFO o.a.j.t.JMeterThread: Thread is done: Smoke 50 users x2 loops 1-42
2025-11-25 01:37:01,411 INFO o.a.j.t.JMeterThread: Thread finished: Smoke 50 users x2 loops 1-42
2025-11-25 01:37:01,588 INFO o.a.j.t.JMeterThread: Thread started: Smoke 50 users x2 loops 1-43
2025-11-25 01:37:01,612 INFO o.a.j.t.JMeterThread: Thread is done: Smoke 50 users x2 loops 1-43
2025-11-25 01:37:01,612 INFO o.a.j.t.JMeterThread: Thread finished: Smoke 50 users x2 loops 1-43
2025-11-25 01:37:01,786 INFO o.a.j.t.JMeterThread: Thread started: Smoke 50 users x2 loops 1-44
2025-11-25 01:37:01,808 INFO o.a.j.t.JMeterThread: Thread is done: Smoke 50 users x2 loops 1-44
2025-11-25 01:37:01,808 INFO o.a.j.t.JMeterThread: Thread finished: Smoke 50 users x2 loops 1-44
2025-11-25 01:37:01,987 INFO o.a.j.t.JMeterThread: Thread started: Smoke 50 users x2 loops 1-45
2025-11-25 01:37:02,007 INFO o.a.j.t.JMeterThread: Thread is done: Smoke 50 users x2 loops 1-45
2025-11-25 01:37:02,007 INFO o.a.j.t.JMeterThread: Thread finished: Smoke 50 users x2 loops 1-45
2025-11-25 01:37:02,187 INFO o.a.j.t.JMeterThread: Thread started: Smoke 50 users x2 loops 1-46
2025-11-25 01:37:02,212 INFO o.a.j.t.JMeterThread: Thread is done: Smoke 50 users x2 loops 1-46
2025-11-25 01:37:02,212 INFO o.a.j.t.JMeterThread: Thread finished: Smoke 50 users x2 loops 1-46
2025-11-25 01:37:02,388 INFO o.a.j.t.JMeterThread: Thread started: Smoke 50 users x2 loops 1-47
2025-11-25 01:37:02,412 INFO o.a.j.t.JMeterThread: Thread is done: Smoke 50 users x2 loops 1-47
2025-11-25 01:37:02,412 INFO o.a.j.t.JMeterThread: Thread finished: Smoke 50 users x2 loops 1-47
2025-11-25 01:37:02,586 INFO o.a.j.t.JMeterThread: Thread started: Smoke 50 users x2 loops 1-48
2025-11-25 01:37:02,612 INFO o.a.j.t.JMeterThread: Thread is done: Smoke 50 users x2 loops 1-48
2025-11-25 01:37:02,612 INFO o.a.j.t.JMeterThread: Thread finished: Smoke 50 users x2 loops 1-48
2025-11-25 01:37:02,787 INFO o.a.j.t.JMeterThread: Thread started: Smoke 50 users x2 loops 1-49
2025-11-25 01:37:02,809 INFO o.a.j.t.JMeterThread: Thread is done: Smoke 50 users x2 loops 1-49
2025-11-25 01:37:02,809 INFO o.a.j.t.JMeterThread: Thread finished: Smoke 50 users x2 loops 1-49
2025-11-25 01:37:02,987 INFO o.a.j.t.JMeterThread: Thread started: Smoke 50 users x2 loops 1-50
2025-11-25 01:37:03,007 INFO o.a.j.t.JMeterThread: Thread is done: Smoke 50 users x2 loops 1-50
2025-11-25 01:37:03,007 INFO o.a.j.t.JMeterThread: Thread finished: Smoke 50 users x2 loops 1-50
2025-11-25 01:37:03,008 INFO o.a.j.e.StandardJMeterEngine: Notifying test listeners of end of test
2025-11-25 01:37:03,008 INFO o.a.j.g.u.JMeterMenuBar: setRunning(false, *local*)
2025-11-25 01:42:36,872 INFO o.a.j.e.StandardJMeterEngine: Running the test!
2025-11-25 01:42:36,872 INFO o.a.j.s.SampleEvent: List of sample_variables: []
2025-11-25 01:42:36,872 INFO o.a.j.g.u.JMeterMenuBar: setRunning(true, *local*)
2025-11-25 01:42:36,915 INFO o.a.j.e.StandardJMeterEngine: Starting ThreadGroup: 1 : Smoke 50 users x2 loops
2025-11-25 01:42:36,915 INFO o.a.j.e.StandardJMeterEngine: Starting 50 threads for group Smoke 50 users x2 loops.
2025-11-25 01:42:36,915 INFO o.a.j.e.StandardJMeterEngine: Thread will continue on error
2025-11-25 01:42:36,916 INFO o.a.j.t.ThreadGroup: Starting thread group... number=1 threads=50 ramp-up=10 delayedStart=false
2025-11-25 01:42:36,917 INFO o.a.j.t.JMeterThread: Thread started: Smoke 50 users x2 loops 1-1
2025-11-25 01:42:36,947 INFO o.a.j.t.ThreadGroup: Started thread group number 1
2025-11-25 01:42:36,947 INFO o.a.j.e.StandardJMeterEngine: All thread groups have been started
2025-11-25 01:42:36,966 INFO o.a.j.t.JMeterThread: Thread is done: Smoke 50 users x2 loops 1-1
2025-11-25 01:42:36,966 INFO o.a.j.t.JMeterThread: Thread finished: Smoke 50 users x2 loops 1-1
2025-11-25 01:42:37,118 INFO o.a.j.t.JMeterThread: Thread started: Smoke 50 users x2 loops 1-2
2025-11-25 01:42:37,139 INFO o.a.j.t.JMeterThread: Thread is done: Smoke 50 users x2 loops 1-2
2025-11-25 01:42:37,139 INFO o.a.j.t.JMeterThread: Thread finished: Smoke 50 users x2 loops 1-2
2025-11-25 01:42:37,317 INFO o.a.j.t.JMeterThread: Thread started: Smoke 50 users x2 loops 1-3
2025-11-25 01:42:37,334 INFO o.a.j.t.JMeterThread: Thread is done: Smoke 50 users x2 loops 1-3
2025-11-25 01:42:37,334 INFO o.a.j.t.JMeterThread: Thread finished: Smoke 50 users x2 loops 1-3
2025-11-25 01:42:37,518 INFO o.a.j.t.JMeterThread: Thread started: Smoke 50 users x2 loops 1-4
2025-11-25 01:42:37,536 INFO o.a.j.t.JMeterThread: Thread is done: Smoke 50 users x2 loops 1-4
2025-11-25 01:42:37,536 INFO o.a.j.t.JMeterThread: Thread finished: Smoke 50 users x2 loops 1-4
2025-11-25 01:42:37,720 INFO o.a.j.t.JMeterThread: Thread started: Smoke 50 users x2 loops 1-5
2025-11-25 01:42:37,739 INFO o.a.j.t.JMeterThread: Thread is done: Smoke 50 users x2 loops 1-5
2025-11-25 01:42:37,739 INFO o.a.j.t.JMeterThread: Thread finished: Smoke 50 users x2 loops 1-5
2025-11-25 01:42:37,919 INFO o.a.j.t.JMeterThread: Thread started: Smoke 50 users x2 loops 1-6
2025-11-25 01:42:37,938 INFO o.a.j.t.JMeterThread: Thread is done: Smoke 50 users x2 loops 1-6
2025-11-25 01:42:37,938 INFO o.a.j.t.JMeterThread: Thread finished: Smoke 50 users x2 loops 1-6
2025-11-25 01:42:38,118 INFO o.a.j.t.JMeterThread: Thread started: Smoke 50 users x2 loops 1-7
2025-11-25 01:42:38,135 INFO o.a.j.t.JMeterThread: Thread is done: Smoke 50 users x2 loops 1-7
2025-11-25 01:42:38,135 INFO o.a.j.t.JMeterThread: Thread finished: Smoke 50 users x2 loops 1-7
2025-11-25 01:42:38,318 INFO o.a.j.t.JMeterThread: Thread started: Smoke 50 users x2 loops 1-8
2025-11-25 01:42:38,340 INFO o.a.j.t.JMeterThread: Thread is done: Smoke 50 users x2 loops 1-8
2025-11-25 01:42:38,340 INFO o.a.j.t.JMeterThread: Thread finished: Smoke 50 users x2 loops 1-8
2025-11-25 01:42:38,519 INFO o.a.j.t.JMeterThread: Thread started: Smoke 50 users x2 loops 1-9
2025-11-25 01:42:38,538 INFO o.a.j.t.JMeterThread: Thread is done: Smoke 50 users x2 loops 1-9
2025-11-25 01:42:38,539 INFO o.a.j.t.JMeterThread: Thread finished: Smoke 50 users x2 loops 1-9
2025-11-25 01:42:38,718 INFO o.a.j.t.JMeterThread: Thread started: Smoke 50 users x2 loops 1-10
2025-11-25 01:42:38,738 INFO o.a.j.t.JMeterThread: Thread is done: Smoke 50 users x2 loops 1-10
2025-11-25 01:42:38,738 INFO o.a.j.t.JMeterThread: Thread finished: Smoke 50 users x2 loops 1-10
2025-11-25 01:42:38,919 INFO o.a.j.t.JMeterThread: Thread started: Smoke 50 users x2 loops 1-11
2025-11-25 01:42:38,936 INFO o.a.j.t.JMeterThread: Thread is done: Smoke 50 users x2 loops 1-11
2025-11-25 01:42:38,936 INFO o.a.j.t.JMeterThread: Thread finished: Smoke 50 users x2 loops 1-11
2025-11-25 01:42:39,119 INFO o.a.j.t.JMeterThread: Thread started: Smoke 50 users x2 loops 1-12
2025-11-25 01:42:39,139 INFO o.a.j.t.JMeterThread: Thread is done: Smoke 50 users x2 loops 1-12
2025-11-25 01:42:39,139 INFO o.a.j.t.JMeterThread: Thread finished: Smoke 50 users x2 loops 1-12
2025-11-25 01:42:39,321 INFO o.a.j.t.JMeterThread: Thread started: Smoke 50 users x2 loops 1-13
2025-11-25 01:42:39,339 INFO o.a.j.t.JMeterThread: Thread is done: Smoke 50 users x2 loops 1-13
2025-11-25 01:42:39,339 INFO o.a.j.t.JMeterThread: Thread finished: Smoke 50 users x2 loops 1-13
2025-11-25 01:42:39,518 INFO o.a.j.t.JMeterThread: Thread started: Smoke 50 users x2 loops 1-14
2025-11-25 01:42:39,537 INFO o.a.j.t.JMeterThread: Thread is done: Smoke 50 users x2 loops 1-14
2025-11-25 01:42:39,538 INFO o.a.j.t.JMeterThread: Thread finished: Smoke 50 users x2 loops 1-14
2025-11-25 01:42:39,719 INFO o.a.j.t.JMeterThread: Thread started: Smoke 50 users x2 loops 1-15
2025-11-25 01:42:39,739 INFO o.a.j.t.JMeterThread: Thread is done: Smoke 50 users x2 loops 1-15
2025-11-25 01:42:39,739 INFO o.a.j.t.JMeterThread: Thread finished: Smoke 50 users x2 loops 1-15
2025-11-25 01:42:39,920 INFO o.a.j.t.JMeterThread: Thread started: Smoke 50 users x2 loops 1-16
2025-11-25 01:42:39,937 INFO o.a.j.t.JMeterThread: Thread is done: Smoke 50 users x2 loops 1-16
2025-11-25 01:42:39,937 INFO o.a.j.t.JMeterThread: Thread finished: Smoke 50 users x2 loops 1-16
2025-11-25 01:42:40,120 INFO o.a.j.t.JMeterThread: Thread started: Smoke 50 users x2 loops 1-17
2025-11-25 01:42:40,138 INFO o.a.j.t.JMeterThread: Thread is done: Smoke 50 users x2 loops 1-17
2025-11-25 01:42:40,138 INFO o.a.j.t.JMeterThread: Thread finished: Smoke 50 users x2 loops 1-17
2025-11-25 01:42:40,319 INFO o.a.j.t.JMeterThread: Thread started: Smoke 50 users x2 loops 1-18
2025-11-25 01:42:40,335 INFO o.a.j.t.JMeterThread: Thread is done: Smoke 50 users x2 loops 1-18
2025-11-25 01:42:40,335 INFO o.a.j.t.JMeterThread: Thread finished: Smoke 50 users x2 loops 1-18
2025-11-25 01:42:40,518 INFO o.a.j.t.JMeterThread: Thread started: Smoke 50 users x2 loops 1-19
2025-11-25 01:42:40,537 INFO o.a.j.t.JMeterThread: Thread is done: Smoke 50 users x2 loops 1-19
2025-11-25 01:42:40,537 INFO o.a.j.t.JMeterThread: Thread finished: Smoke 50 users x2 loops 1-19
2025-11-25 01:42:40,720 INFO o.a.j.t.JMeterThread: Thread started: Smoke 50 users x2 loops 1-20
2025-11-25 01:42:40,736 INFO o.a.j.t.JMeterThread: Thread is done: Smoke 50 users x2 loops 1-20
2025-11-25 01:42:40,736 INFO o.a.j.t.JMeterThread: Thread finished: Smoke 50 users x2 loops 1-20
2025-11-25 01:42:40,921 INFO o.a.j.t.JMeterThread: Thread started: Smoke 50 users x2 loops 1-21
2025-11-25 01:42:40,941 INFO o.a.j.t.JMeterThread: Thread is done: Smoke 50 users x2 loops 1-21
2025-11-25 01:42:40,941 INFO o.a.j.t.JMeterThread: Thread finished: Smoke 50 users x2 loops 1-21
2025-11-25 01:42:41,120 INFO o.a.j.t.JMeterThread: Thread started: Smoke 50 users x2 loops 1-22
2025-11-25 01:42:41,141 INFO o.a.j.t.JMeterThread: Thread is done: Smoke 50 users x2 loops 1-22
2025-11-25 01:42:41,141 INFO o.a.j.t.JMeterThread: Thread finished: Smoke 50 users x2 loops 1-22
2025-11-25 01:42:41,319 INFO o.a.j.t.JMeterThread: Thread started: Smoke 50 users x2 loops 1-23
2025-11-25 01:42:41,335 INFO o.a.j.t.JMeterThread: Thread is done: Smoke 50 users x2 loops 1-23
2025-11-25 01:42:41,335 INFO o.a.j.t.JMeterThread: Thread finished: Smoke 50 users x2 loops 1-23
2025-11-25 01:42:41,518 INFO o.a.j.t.JMeterThread: Thread started: Smoke 50 users x2 loops 1-24
2025-11-25 01:42:41,537 INFO o.a.j.t.JMeterThread: Thread is done: Smoke 50 users x2 loops 1-24
2025-11-25 01:42:41,537 INFO o.a.j.t.JMeterThread: Thread finished: Smoke 50 users x2 loops 1-24
2025-11-25 01:42:41,719 INFO o.a.j.t.JMeterThread: Thread started: Smoke 50 users x2 loops 1-25
2025-11-25 01:42:41,740 INFO o.a.j.t.JMeterThread: Thread is done: Smoke 50 users x2 loops 1-25
2025-11-25 01:42:41,740 INFO o.a.j.t.JMeterThread: Thread finished: Smoke 50 users x2 loops 1-25
2025-11-25 01:42:41,919 INFO o.a.j.t.JMeterThread: Thread started: Smoke 50 users x2 loops 1-26
2025-11-25 01:42:41,937 INFO o.a.j.t.JMeterThread: Thread is done: Smoke 50 users x2 loops 1-26
2025-11-25 01:42:41,937 INFO o.a.j.t.JMeterThread: Thread finished: Smoke 50 users x2 loops 1-26
2025-11-25 01:42:42,119 INFO o.a.j.t.JMeterThread: Thread started: Smoke 50 users x2 loops 1-27
2025-11-25 01:42:42,141 INFO o.a.j.t.JMeterThread: Thread is done: Smoke 50 users x2 loops 1-27
2025-11-25 01:42:42,141 INFO o.a.j.t.JMeterThread: Thread finished: Smoke 50 users x2 loops 1-27
2025-11-25 01:42:42,318 INFO o.a.j.t.JMeterThread: Thread started: Smoke 50 users x2 loops 1-28
2025-11-25 01:42:42,340 INFO o.a.j.t.JMeterThread: Thread is done: Smoke 50 users x2 loops 1-28
2025-11-25 01:42:42,340 INFO o.a.j.t.JMeterThread: Thread finished: Smoke 50 users x2 loops 1-28
2025-11-25 01:42:42,525 INFO o.a.j.t.JMeterThread: Thread started: Smoke 50 users x2 loops 1-29
2025-11-25 01:42:42,546 INFO o.a.j.t.JMeterThread: Thread is done: Smoke 50 users x2 loops 1-29
2025-11-25 01:42:42,546 INFO o.a.j.t.JMeterThread: Thread finished: Smoke 50 users x2 loops 1-29
2025-11-25 01:42:42,725 INFO o.a.j.t.JMeterThread: Thread started: Smoke 50 users x2 loops 1-30
2025-11-25 01:42:42,742 INFO o.a.j.t.JMeterThread: Thread is done: Smoke 50 users x2 loops 1-30
2025-11-25 01:42:42,742 INFO o.a.j.t.JMeterThread: Thread finished: Smoke 50 users x2 loops 1-30
2025-11-25 01:42:42,922 INFO o.a.j.t.JMeterThread: Thread started: Smoke 50 users x2 loops 1-31
2025-11-25 01:42:42,942 INFO o.a.j.t.JMeterThread: Thread is done: Smoke 50 users x2 loops 1-31
2025-11-25 01:42:42,942 INFO o.a.j.t.JMeterThread: Thread finished: Smoke 50 users x2 loops 1-31
2025-11-25 01:42:43,121 INFO o.a.j.t.JMeterThread: Thread started: Smoke 50 users x2 loops 1-32
2025-11-25 01:42:43,142 INFO o.a.j.t.JMeterThread: Thread is done: Smoke 50 users x2 loops 1-32
2025-11-25 01:42:43,142 INFO o.a.j.t.JMeterThread: Thread finished: Smoke 50 users x2 loops 1-32
2025-11-25 01:42:43,319 INFO o.a.j.t.JMeterThread: Thread started: Smoke 50 users x2 loops 1-33
2025-11-25 01:42:43,370 INFO o.a.j.t.JMeterThread: Thread is done: Smoke 50 users x2 loops 1-33
2025-11-25 01:42:43,371 INFO o.a.j.t.JMeterThread: Thread finished: Smoke 50 users x2 loops 1-33
2025-11-25 01:42:43,525 INFO o.a.j.t.JMeterThread: Thread started: Smoke 50 users x2 loops 1-34
2025-11-25 01:42:43,545 INFO o.a.j.t.JMeterThread: Thread is done: Smoke 50 users x2 loops 1-34
2025-11-25 01:42:43,546 INFO o.a.j.t.JMeterThread: Thread finished: Smoke 50 users x2 loops 1-34
2025-11-25 01:42:43,718 INFO o.a.j.t.JMeterThread: Thread started: Smoke 50 users x2 loops 1-35
2025-11-25 01:42:43,746 INFO o.a.j.t.JMeterThread: Thread is done: Smoke 50 users x2 loops 1-35
2025-11-25 01:42:43,747 INFO o.a.j.t.JMeterThread: Thread finished: Smoke 50 users x2 loops 1-35
2025-11-25 01:42:43,921 INFO o.a.j.t.JMeterThread: Thread started: Smoke 50 users x2 loops 1-36
2025-11-25 01:42:43,946 INFO o.a.j.t.JMeterThread: Thread is done: Smoke 50 users x2 loops 1-36
2025-11-25 01:42:43,947 INFO o.a.j.t.JMeterThread: Thread finished: Smoke 50 users x2 loops 1-36
2025-11-25 01:42:44,135 INFO o.a.j.t.JMeterThread: Thread started: Smoke 50 users x2 loops 1-37
2025-11-25 01:42:44,154 INFO o.a.j.t.JMeterThread: Thread is done: Smoke 50 users x2 loops 1-37
2025-11-25 01:42:44,155 INFO o.a.j.t.JMeterThread: Thread finished: Smoke 50 users x2 loops 1-37
2025-11-25 01:42:44,323 INFO o.a.j.t.JMeterThread: Thread started: Smoke 50 users x2 loops 1-38
2025-11-25 01:42:44,343 INFO o.a.j.t.JMeterThread: Thread is done: Smoke 50 users x2 loops 1-38
2025-11-25 01:42:44,344 INFO o.a.j.t.JMeterThread: Thread finished: Smoke 50 users x2 loops 1-38
2025-11-25 01:42:44,525 INFO o.a.j.t.JMeterThread: Thread started: Smoke 50 users x2 loops 1-39
2025-11-25 01:42:44,548 INFO o.a.j.t.JMeterThread: Thread is done: Smoke 50 users x2 loops 1-39
2025-11-25 01:42:44,549 INFO o.a.j.t.JMeterThread: Thread finished: Smoke 50 users x2 loops 1-39
2025-11-25 01:42:44,730 INFO o.a.j.t.JMeterThread: Thread started: Smoke 50 users x2 loops 1-40
2025-11-25 01:42:44,756 INFO o.a.j.t.JMeterThread: Thread is done: Smoke 50 users x2 loops 1-40
2025-11-25 01:42:44,757 INFO o.a.j.t.JMeterThread: Thread finished: Smoke 50 users x2 loops 1-40
2025-11-25 01:42:44,921 INFO o.a.j.t.JMeterThread: Thread started: Smoke 50 users x2 loops 1-41
2025-11-25 01:42:44,941 INFO o.a.j.t.JMeterThread: Thread is done: Smoke 50 users x2 loops 1-41
2025-11-25 01:42:44,941 INFO o.a.j.t.JMeterThread: Thread finished: Smoke 50 users x2 loops 1-41
2025-11-25 01:42:45,121 INFO o.a.j.t.JMeterThread: Thread started: Smoke 50 users x2 loops 1-42
2025-11-25 01:42:45,144 INFO o.a.j.t.JMeterThread: Thread is done: Smoke 50 users x2 loops 1-42
2025-11-25 01:42:45,144 INFO o.a.j.t.JMeterThread: Thread finished: Smoke 50 users x2 loops 1-42
2025-11-25 01:42:45,334 INFO o.a.j.t.JMeterThread: Thread started: Smoke 50 users x2 loops 1-43
2025-11-25 01:42:45,355 INFO o.a.j.t.JMeterThread: Thread is done: Smoke 50 users x2 loops 1-43
2025-11-25 01:42:45,355 INFO o.a.j.t.JMeterThread: Thread finished: Smoke 50 users x2 loops 1-43
2025-11-25 01:42:45,523 INFO o.a.j.t.JMeterThread: Thread started: Smoke 50 users x2 loops 1-44
2025-11-25 01:42:45,542 INFO o.a.j.t.JMeterThread: Thread is done: Smoke 50 users x2 loops 1-44
2025-11-25 01:42:45,542 INFO o.a.j.t.JMeterThread: Thread finished: Smoke 50 users x2 loops 1-44
2025-11-25 01:42:45,728 INFO o.a.j.t.JMeterThread: Thread started: Smoke 50 users x2 loops 1-45
2025-11-25 01:42:45,750 INFO o.a.j.t.JMeterThread: Thread is done: Smoke 50 users x2 loops 1-45
2025-11-25 01:42:45,751 INFO o.a.j.t.JMeterThread: Thread finished: Smoke 50 users x2 loops 1-45
2025-11-25 01:42:45,930 INFO o.a.j.t.JMeterThread: Thread started: Smoke 50 users x2 loops 1-46
2025-11-25 01:42:45,950 INFO o.a.j.t.JMeterThread: Thread is done: Smoke 50 users x2 loops 1-46
2025-11-25 01:42:45,950 INFO o.a.j.t.JMeterThread: Thread finished: Smoke 50 users x2 loops 1-46
2025-11-25 01:42:46,123 INFO o.a.j.t.JMeterThread: Thread started: Smoke 50 users x2 loops 1-47
2025-11-25 01:42:46,148 INFO o.a.j.t.JMeterThread: Thread is done: Smoke 50 users x2 loops 1-47
2025-11-25 01:42:46,148 INFO o.a.j.t.JMeterThread: Thread finished: Smoke 50 users x2 loops 1-47
2025-11-25 01:42:46,320 INFO o.a.j.t.JMeterThread: Thread started: Smoke 50 users x2 loops 1-48
2025-11-25 01:42:46,342 INFO o.a.j.t.JMeterThread: Thread is done: Smoke 50 users x2 loops 1-48
2025-11-25 01:42:46,342 INFO o.a.j.t.JMeterThread: Thread finished: Smoke 50 users x2 loops 1-48
2025-11-25 01:42:46,523 INFO o.a.j.t.JMeterThread: Thread started: Smoke 50 users x2 loops 1-49
2025-11-25 01:42:46,540 INFO o.a.j.t.JMeterThread: Thread is done: Smoke 50 users x2 loops 1-49
2025-11-25 01:42:46,541 INFO o.a.j.t.JMeterThread: Thread finished: Smoke 50 users x2 loops 1-49
2025-11-25 01:42:46,721 INFO o.a.j.t.JMeterThread: Thread started: Smoke 50 users x2 loops 1-50
2025-11-25 01:42:46,740 INFO o.a.j.t.JMeterThread: Thread is done: Smoke 50 users x2 loops 1-50
2025-11-25 01:42:46,740 INFO o.a.j.t.JMeterThread: Thread finished: Smoke 50 users x2 loops 1-50
2025-11-25 01:42:46,740 INFO o.a.j.e.StandardJMeterEngine: Notifying test listeners of end of test
2025-11-25 01:42:46,741 INFO o.a.j.g.u.JMeterMenuBar: setRunning(false, *local*)
2025-11-25 01:50:30,110 INFO o.a.j.e.StandardJMeterEngine: Running the test!
2025-11-25 01:50:30,110 INFO o.a.j.s.SampleEvent: List of sample_variables: []
2025-11-25 01:50:30,113 INFO o.a.j.g.u.JMeterMenuBar: setRunning(true, *local*)
2025-11-25 01:50:30,148 INFO o.a.j.e.StandardJMeterEngine: Starting ThreadGroup: 1 : Smoke 50 users x2 loops
2025-11-25 01:50:30,154 INFO o.a.j.e.StandardJMeterEngine: Starting 50 threads for group Smoke 50 users x2 loops.
2025-11-25 01:50:30,154 INFO o.a.j.e.StandardJMeterEngine: Thread will continue on error
2025-11-25 01:50:30,154 INFO o.a.j.t.ThreadGroup: Starting thread group... number=1 threads=50 ramp-up=10 delayedStart=false
2025-11-25 01:50:30,154 INFO o.a.j.t.JMeterThread: Thread started: Smoke 50 users x2 loops 1-1
2025-11-25 01:50:30,166 INFO o.a.j.t.ThreadGroup: Started thread group number 1
2025-11-25 01:50:30,166 INFO o.a.j.e.StandardJMeterEngine: All thread groups have been started
2025-11-25 01:50:30,209 INFO o.a.j.t.JMeterThread: Thread is done: Smoke 50 users x2 loops 1-1
2025-11-25 01:50:30,209 INFO o.a.j.t.JMeterThread: Thread finished: Smoke 50 users x2 loops 1-1
2025-11-25 01:50:30,362 INFO o.a.j.t.JMeterThread: Thread started: Smoke 50 users x2 loops 1-2
2025-11-25 01:50:30,395 INFO o.a.j.t.JMeterThread: Thread is done: Smoke 50 users x2 loops 1-2
2025-11-25 01:50:30,395 INFO o.a.j.t.JMeterThread: Thread finished: Smoke 50 users x2 loops 1-2
2025-11-25 01:50:30,561 INFO o.a.j.t.JMeterThread: Thread started: Smoke 50 users x2 loops 1-3
2025-11-25 01:50:30,609 INFO o.a.j.t.JMeterThread: Thread is done: Smoke 50 users x2 loops 1-3
2025-11-25 01:50:30,609 INFO o.a.j.t.JMeterThread: Thread finished: Smoke 50 users x2 loops 1-3
2025-11-25 01:50:30,757 INFO o.a.j.t.JMeterThread: Thread started: Smoke 50 users x2 loops 1-4
2025-11-25 01:50:30,811 INFO o.a.j.t.JMeterThread: Thread is done: Smoke 50 users x2 loops 1-4
2025-11-25 01:50:30,811 INFO o.a.j.t.JMeterThread: Thread finished: Smoke 50 users x2 loops 1-4
2025-11-25 01:50:30,968 INFO o.a.j.t.JMeterThread: Thread started: Smoke 50 users x2 loops 1-5
2025-11-25 01:50:30,996 INFO o.a.j.t.JMeterThread: Thread is done: Smoke 50 users x2 loops 1-5
2025-11-25 01:50:30,996 INFO o.a.j.t.JMeterThread: Thread finished: Smoke 50 users x2 loops 1-5
2025-11-25 01:50:31,158 INFO o.a.j.t.JMeterThread: Thread started: Smoke 50 users x2 loops 1-6
2025-11-25 01:50:31,190 INFO o.a.j.t.JMeterThread: Thread is done: Smoke 50 users x2 loops 1-6
2025-11-25 01:50:31,190 INFO o.a.j.t.JMeterThread: Thread finished: Smoke 50 users x2 loops 1-6
2025-11-25 01:50:31,359 INFO o.a.j.t.JMeterThread: Thread started: Smoke 50 users x2 loops 1-7
2025-11-25 01:50:31,400 INFO o.a.j.t.JMeterThread: Thread is done: Smoke 50 users x2 loops 1-7
2025-11-25 01:50:31,400 INFO o.a.j.t.JMeterThread: Thread finished: Smoke 50 users x2 loops 1-7
2025-11-25 01:50:31,557 INFO o.a.j.t.JMeterThread: Thread started: Smoke 50 users x2 loops 1-8
2025-11-25 01:50:31,605 INFO o.a.j.t.JMeterThread: Thread is done: Smoke 50 users x2 loops 1-8
2025-11-25 01:50:31,605 INFO o.a.j.t.JMeterThread: Thread finished: Smoke 50 users x2 loops 1-8
2025-11-25 01:50:31,755 INFO o.a.j.t.JMeterThread: Thread started: Smoke 50 users x2 loops 1-9
2025-11-25 01:50:31,788 INFO o.a.j.t.JMeterThread: Thread is done: Smoke 50 users x2 loops 1-9
2025-11-25 01:50:31,789 INFO o.a.j.t.JMeterThread: Thread finished: Smoke 50 users x2 loops 1-9
2025-11-25 01:50:31,954 INFO o.a.j.t.JMeterThread: Thread started: Smoke 50 users x2 loops 1-10
2025-11-25 01:50:31,981 INFO o.a.j.t.JMeterThread: Thread is done: Smoke 50 users x2 loops 1-10
2025-11-25 01:50:31,981 INFO o.a.j.t.JMeterThread: Thread finished: Smoke 50 users x2 loops 1-10
2025-11-25 01:50:32,155 INFO o.a.j.t.JMeterThread: Thread started: Smoke 50 users x2 loops 1-11
2025-11-25 01:50:32,189 INFO o.a.j.t.JMeterThread: Thread is done: Smoke 50 users x2 loops 1-11
2025-11-25 01:50:32,189 INFO o.a.j.t.JMeterThread: Thread finished: Smoke 50 users x2 loops 1-11
2025-11-25 01:50:32,355 INFO o.a.j.t.JMeterThread: Thread started: Smoke 50 users x2 loops 1-12
2025-11-25 01:50:32,380 INFO o.a.j.t.JMeterThread: Thread is done: Smoke 50 users x2 loops 1-12
2025-11-25 01:50:32,380 INFO o.a.j.t.JMeterThread: Thread finished: Smoke 50 users x2 loops 1-12
2025-11-25 01:50:32,555 INFO o.a.j.t.JMeterThread: Thread started: Smoke 50 users x2 loops 1-13
2025-11-25 01:50:32,581 INFO o.a.j.t.JMeterThread: Thread is done: Smoke 50 users x2 loops 1-13
2025-11-25 01:50:32,581 INFO o.a.j.t.JMeterThread: Thread finished: Smoke 50 users x2 loops 1-13
2025-11-25 01:50:32,754 INFO o.a.j.t.JMeterThread: Thread started: Smoke 50 users x2 loops 1-14
2025-11-25 01:50:32,782 INFO o.a.j.t.JMeterThread: Thread is done: Smoke 50 users x2 loops 1-14
2025-11-25 01:50:32,782 INFO o.a.j.t.JMeterThread: Thread finished: Smoke 50 users x2 loops 1-14
2025-11-25 01:50:32,955 INFO o.a.j.t.JMeterThread: Thread started: Smoke 50 users x2 loops 1-15
2025-11-25 01:50:32,982 INFO o.a.j.t.JMeterThread: Thread is done: Smoke 50 users x2 loops 1-15
2025-11-25 01:50:32,982 INFO o.a.j.t.JMeterThread: Thread finished: Smoke 50 users x2 loops 1-15
2025-11-25 01:50:33,156 INFO o.a.j.t.JMeterThread: Thread started: Smoke 50 users x2 loops 1-16
2025-11-25 01:50:33,182 INFO o.a.j.t.JMeterThread: Thread is done: Smoke 50 users x2 loops 1-16
2025-11-25 01:50:33,182 INFO o.a.j.t.JMeterThread: Thread finished: Smoke 50 users x2 loops 1-16
2025-11-25 01:50:33,356 INFO o.a.j.t.JMeterThread: Thread started: Smoke 50 users x2 loops 1-17
2025-11-25 01:50:33,381 INFO o.a.j.t.JMeterThread: Thread is done: Smoke 50 users x2 loops 1-17
2025-11-25 01:50:33,381 INFO o.a.j.t.JMeterThread: Thread finished: Smoke 50 users x2 loops 1-17
2025-11-25 01:50:33,555 INFO o.a.j.t.JMeterThread: Thread started: Smoke 50 users x2 loops 1-18
2025-11-25 01:50:33,585 INFO o.a.j.t.JMeterThread: Thread is done: Smoke 50 users x2 loops 1-18
2025-11-25 01:50:33,585 INFO o.a.j.t.JMeterThread: Thread finished: Smoke 50 users x2 loops 1-18
2025-11-25 01:50:33,756 INFO o.a.j.t.JMeterThread: Thread started: Smoke 50 users x2 loops 1-19
2025-11-25 01:50:33,786 INFO o.a.j.t.JMeterThread: Thread is done: Smoke 50 users x2 loops 1-19
2025-11-25 01:50:33,786 INFO o.a.j.t.JMeterThread: Thread finished: Smoke 50 users x2 loops 1-19
2025-11-25 01:50:33,955 INFO o.a.j.t.JMeterThread: Thread started: Smoke 50 users x2 loops 1-20
2025-11-25 01:50:33,986 INFO o.a.j.t.JMeterThread: Thread is done: Smoke 50 users x2 loops 1-20
2025-11-25 01:50:33,986 INFO o.a.j.t.JMeterThread: Thread finished: Smoke 50 users x2 loops 1-20
2025-11-25 01:50:34,156 INFO o.a.j.t.JMeterThread: Thread started: Smoke 50 users x2 loops 1-21
2025-11-25 01:50:34,182 INFO o.a.j.t.JMeterThread: Thread is done: Smoke 50 users x2 loops 1-21
2025-11-25 01:50:34,182 INFO o.a.j.t.JMeterThread: Thread finished: Smoke 50 users x2 loops 1-21
2025-11-25 01:50:34,356 INFO o.a.j.t.JMeterThread: Thread started: Smoke 50 users x2 loops 1-22
2025-11-25 01:50:34,382 INFO o.a.j.t.JMeterThread: Thread is done: Smoke 50 users x2 loops 1-22
2025-11-25 01:50:34,383 INFO o.a.j.t.JMeterThread: Thread finished: Smoke 50 users x2 loops 1-22
2025-11-25 01:50:34,554 INFO o.a.j.t.JMeterThread: Thread started: Smoke 50 users x2 loops 1-23
2025-11-25 01:50:34,579 INFO o.a.j.t.JMeterThread: Thread is done: Smoke 50 users x2 loops 1-23
2025-11-25 01:50:34,579 INFO o.a.j.t.JMeterThread: Thread finished: Smoke 50 users x2 loops 1-23
2025-11-25 01:50:34,756 INFO o.a.j.t.JMeterThread: Thread started: Smoke 50 users x2 loops 1-24
2025-11-25 01:50:34,783 INFO o.a.j.t.JMeterThread: Thread is done: Smoke 50 users x2 loops 1-24
2025-11-25 01:50:34,783 INFO o.a.j.t.JMeterThread: Thread finished: Smoke 50 users x2 loops 1-24
2025-11-25 01:50:34,956 INFO o.a.j.t.JMeterThread: Thread started: Smoke 50 users x2 loops 1-25
2025-11-25 01:50:34,981 INFO o.a.j.t.JMeterThread: Thread is done: Smoke 50 users x2 loops 1-25
2025-11-25 01:50:34,981 INFO o.a.j.t.JMeterThread: Thread finished: Smoke 50 users x2 loops 1-25
2025-11-25 01:50:35,156 INFO o.a.j.t.JMeterThread: Thread started: Smoke 50 users x2 loops 1-26
2025-11-25 01:50:35,185 INFO o.a.j.t.JMeterThread: Thread is done: Smoke 50 users x2 loops 1-26
2025-11-25 01:50:35,186 INFO o.a.j.t.JMeterThread: Thread finished: Smoke 50 users x2 loops 1-26
2025-11-25 01:50:35,355 INFO o.a.j.t.JMeterThread: Thread started: Smoke 50 users x2 loops 1-27
2025-11-25 01:50:35,383 INFO o.a.j.t.JMeterThread: Thread is done: Smoke 50 users x2 loops 1-27
2025-11-25 01:50:35,383 INFO o.a.j.t.JMeterThread: Thread finished: Smoke 50 users x2 loops 1-27
2025-11-25 01:50:35,556 INFO o.a.j.t.JMeterThread: Thread started: Smoke 50 users x2 loops 1-28
2025-11-25 01:50:35,584 INFO o.a.j.t.JMeterThread: Thread is done: Smoke 50 users x2 loops 1-28
2025-11-25 01:50:35,584 INFO o.a.j.t.JMeterThread: Thread finished: Smoke 50 users x2 loops 1-28
2025-11-25 01:50:35,756 INFO o.a.j.t.JMeterThread: Thread started: Smoke 50 users x2 loops 1-29
2025-11-25 01:50:35,785 INFO o.a.j.t.JMeterThread: Thread is done: Smoke 50 users x2 loops 1-29
2025-11-25 01:50:35,785 INFO o.a.j.t.JMeterThread: Thread finished: Smoke 50 users x2 loops 1-29
2025-11-25 01:50:35,955 INFO o.a.j.t.JMeterThread: Thread started: Smoke 50 users x2 loops 1-30
2025-11-25 01:50:35,979 INFO o.a.j.t.JMeterThread: Thread is done: Smoke 50 users x2 loops 1-30
2025-11-25 01:50:35,979 INFO o.a.j.t.JMeterThread: Thread finished: Smoke 50 users x2 loops 1-30
2025-11-25 01:50:36,155 INFO o.a.j.t.JMeterThread: Thread started: Smoke 50 users x2 loops 1-31
2025-11-25 01:50:36,179 INFO o.a.j.t.JMeterThread: Thread is done: Smoke 50 users x2 loops 1-31
2025-11-25 01:50:36,179 INFO o.a.j.t.JMeterThread: Thread finished: Smoke 50 users x2 loops 1-31
2025-11-25 01:50:36,355 INFO o.a.j.t.JMeterThread: Thread started: Smoke 50 users x2 loops 1-32
2025-11-25 01:50:36,385 INFO o.a.j.t.JMeterThread: Thread is done: Smoke 50 users x2 loops 1-32
2025-11-25 01:50:36,385 INFO o.a.j.t.JMeterThread: Thread finished: Smoke 50 users x2 loops 1-32
2025-11-25 01:50:36,559 INFO o.a.j.t.JMeterThread: Thread started: Smoke 50 users x2 loops 1-33
2025-11-25 01:50:36,585 INFO o.a.j.t.JMeterThread: Thread is done: Smoke 50 users x2 loops 1-33
2025-11-25 01:50:36,585 INFO o.a.j.t.JMeterThread: Thread finished: Smoke 50 users x2 loops 1-33
2025-11-25 01:50:36,760 INFO o.a.j.t.JMeterThread: Thread started: Smoke 50 users x2 loops 1-34
2025-11-25 01:50:36,787 INFO o.a.j.t.JMeterThread: Thread is done: Smoke 50 users x2 loops 1-34
2025-11-25 01:50:36,788 INFO o.a.j.t.JMeterThread: Thread finished: Smoke 50 users x2 loops 1-34
2025-11-25 01:50:36,962 INFO o.a.j.t.JMeterThread: Thread started: Smoke 50 users x2 loops 1-35
2025-11-25 01:50:36,988 INFO o.a.j.t.JMeterThread: Thread is done: Smoke 50 users x2 loops 1-35
2025-11-25 01:50:36,989 INFO o.a.j.t.JMeterThread: Thread finished: Smoke 50 users x2 loops 1-35
2025-11-25 01:50:37,157 INFO o.a.j.t.JMeterThread: Thread started: Smoke 50 users x2 loops 1-36
2025-11-25 01:50:37,183 INFO o.a.j.t.JMeterThread: Thread is done: Smoke 50 users x2 loops 1-36
2025-11-25 01:50:37,183 INFO o.a.j.t.JMeterThread: Thread finished: Smoke 50 users x2 loops 1-36
2025-11-25 01:50:37,357 INFO o.a.j.t.JMeterThread: Thread started: Smoke 50 users x2 loops 1-37
2025-11-25 01:50:37,381 INFO o.a.j.t.JMeterThread: Thread is done: Smoke 50 users x2 loops 1-37
2025-11-25 01:50:37,381 INFO o.a.j.t.JMeterThread: Thread finished: Smoke 50 users x2 loops 1-37
2025-11-25 01:50:37,556 INFO o.a.j.t.JMeterThread: Thread started: Smoke 50 users x2 loops 1-38
2025-11-25 01:50:37,586 INFO o.a.j.t.JMeterThread: Thread is done: Smoke 50 users x2 loops 1-38
2025-11-25 01:50:37,586 INFO o.a.j.t.JMeterThread: Thread finished: Smoke 50 users x2 loops 1-38
2025-11-25 01:50:37,757 INFO o.a.j.t.JMeterThread: Thread started: Smoke 50 users x2 loops 1-39
2025-11-25 01:50:37,789 INFO o.a.j.t.JMeterThread: Thread is done: Smoke 50 users x2 loops 1-39
2025-11-25 01:50:37,789 INFO o.a.j.t.JMeterThread: Thread finished: Smoke 50 users x2 loops 1-39
2025-11-25 01:50:37,958 INFO o.a.j.t.JMeterThread: Thread started: Smoke 50 users x2 loops 1-40
2025-11-25 01:50:37,989 INFO o.a.j.t.JMeterThread: Thread is done: Smoke 50 users x2 loops 1-40
2025-11-25 01:50:37,990 INFO o.a.j.t.JMeterThread: Thread finished: Smoke 50 users x2 loops 1-40
2025-11-25 01:50:38,156 INFO o.a.j.t.JMeterThread: Thread started: Smoke 50 users x2 loops 1-41
2025-11-25 01:50:38,182 INFO o.a.j.t.JMeterThread: Thread is done: Smoke 50 users x2 loops 1-41
2025-11-25 01:50:38,182 INFO o.a.j.t.JMeterThread: Thread finished: Smoke 50 users x2 loops 1-41
2025-11-25 01:50:38,355 INFO o.a.j.t.JMeterThread: Thread started: Smoke 50 users x2 loops 1-42
2025-11-25 01:50:38,384 INFO o.a.j.t.JMeterThread: Thread is done: Smoke 50 users x2 loops 1-42
2025-11-25 01:50:38,384 INFO o.a.j.t.JMeterThread: Thread finished: Smoke 50 users x2 loops 1-42
2025-11-25 01:50:38,557 INFO o.a.j.t.JMeterThread: Thread started: Smoke 50 users x2 loops 1-43
2025-11-25 01:50:38,583 INFO o.a.j.t.JMeterThread: Thread is done: Smoke 50 users x2 loops 1-43
2025-11-25 01:50:38,584 INFO o.a.j.t.JMeterThread: Thread finished: Smoke 50 users x2 loops 1-43
2025-11-25 01:50:38,759 INFO o.a.j.t.JMeterThread: Thread started: Smoke 50 users x2 loops 1-44
2025-11-25 01:50:38,791 INFO o.a.j.t.JMeterThread: Thread is done: Smoke 50 users x2 loops 1-44
2025-11-25 01:50:38,791 INFO o.a.j.t.JMeterThread: Thread finished: Smoke 50 users x2 loops 1-44
2025-11-25 01:50:38,957 INFO o.a.j.t.JMeterThread: Thread started: Smoke 50 users x2 loops 1-45
2025-11-25 01:50:38,986 INFO o.a.j.t.JMeterThread: Thread is done: Smoke 50 users x2 loops 1-45
2025-11-25 01:50:38,986 INFO o.a.j.t.JMeterThread: Thread finished: Smoke 50 users x2 loops 1-45
2025-11-25 01:50:39,166 INFO o.a.j.t.JMeterThread: Thread started: Smoke 50 users x2 loops 1-46
2025-11-25 01:50:39,189 INFO o.a.j.t.JMeterThread: Thread is done: Smoke 50 users x2 loops 1-46
2025-11-25 01:50:39,189 INFO o.a.j.t.JMeterThread: Thread finished: Smoke 50 users x2 loops 1-46
2025-11-25 01:50:39,356 INFO o.a.j.t.JMeterThread: Thread started: Smoke 50 users x2 loops 1-47
2025-11-25 01:50:39,381 INFO o.a.j.t.JMeterThread: Thread is done: Smoke 50 users x2 loops 1-47
2025-11-25 01:50:39,381 INFO o.a.j.t.JMeterThread: Thread finished: Smoke 50 users x2 loops 1-47
2025-11-25 01:50:39,556 INFO o.a.j.t.JMeterThread: Thread started: Smoke 50 users x2 loops 1-48
2025-11-25 01:50:39,591 INFO o.a.j.t.JMeterThread: Thread is done: Smoke 50 users x2 loops 1-48
2025-11-25 01:50:39,591 INFO o.a.j.t.JMeterThread: Thread finished: Smoke 50 users x2 loops 1-48
2025-11-25 01:50:39,757 INFO o.a.j.t.JMeterThread: Thread started: Smoke 50 users x2 loops 1-49
2025-11-25 01:50:39,780 INFO o.a.j.t.JMeterThread: Thread is done: Smoke 50 users x2 loops 1-49
2025-11-25 01:50:39,780 INFO o.a.j.t.JMeterThread: Thread finished: Smoke 50 users x2 loops 1-49
2025-11-25 01:50:39,955 INFO o.a.j.t.JMeterThread: Thread started: Smoke 50 users x2 loops 1-50
2025-11-25 01:50:39,980 INFO o.a.j.t.JMeterThread: Thread is done: Smoke 50 users x2 loops 1-50
2025-11-25 01:50:39,980 INFO o.a.j.t.JMeterThread: Thread finished: Smoke 50 users x2 loops 1-50
2025-11-25 01:50:39,981 INFO o.a.j.e.StandardJMeterEngine: Notifying test listeners of end of test
2025-11-25 01:50:39,981 INFO o.a.j.g.u.JMeterMenuBar: setRunning(false, *local*)
2025-11-25 01:53:48,290 INFO o.a.j.e.StandardJMeterEngine: Running the test!
2025-11-25 01:53:48,290 INFO o.a.j.s.SampleEvent: List of sample_variables: []
2025-11-25 01:53:48,291 INFO o.a.j.g.u.JMeterMenuBar: setRunning(true, *local*)
2025-11-25 01:53:48,343 INFO o.a.j.e.StandardJMeterEngine: Starting ThreadGroup: 1 : Smoke 50 users x2 loops
2025-11-25 01:53:48,343 INFO o.a.j.e.StandardJMeterEngine: Starting 50 threads for group Smoke 50 users x2 loops.
2025-11-25 01:53:48,343 INFO o.a.j.e.StandardJMeterEngine: Thread will continue on error
2025-11-25 01:53:48,343 INFO o.a.j.t.ThreadGroup: Starting thread group... number=1 threads=50 ramp-up=10 delayedStart=false
2025-11-25 01:53:48,343 INFO o.a.j.t.JMeterThread: Thread started: Smoke 50 users x2 loops 1-1
2025-11-25 01:53:48,359 INFO o.a.j.t.ThreadGroup: Started thread group number 1
2025-11-25 01:53:48,359 INFO o.a.j.e.StandardJMeterEngine: All thread groups have been started
2025-11-25 01:53:48,382 INFO o.a.j.t.JMeterThread: Thread is done: Smoke 50 users x2 loops 1-1
2025-11-25 01:53:48,382 INFO o.a.j.t.JMeterThread: Thread finished: Smoke 50 users x2 loops 1-1
2025-11-25 01:53:48,560 INFO o.a.j.t.JMeterThread: Thread started: Smoke 50 users x2 loops 1-2
2025-11-25 01:53:48,587 INFO o.a.j.t.JMeterThread: Thread is done: Smoke 50 users x2 loops 1-2
2025-11-25 01:53:48,587 INFO o.a.j.t.JMeterThread: Thread finished: Smoke 50 users x2 loops 1-2
2025-11-25 01:53:48,760 INFO o.a.j.t.JMeterThread: Thread started: Smoke 50 users x2 loops 1-3
2025-11-25 01:53:48,786 INFO o.a.j.t.JMeterThread: Thread is done: Smoke 50 users x2 loops 1-3
2025-11-25 01:53:48,786 INFO o.a.j.t.JMeterThread: Thread finished: Smoke 50 users x2 loops 1-3
2025-11-25 01:53:48,967 INFO o.a.j.t.JMeterThread: Thread started: Smoke 50 users x2 loops 1-4
2025-11-25 01:53:48,998 INFO o.a.j.t.JMeterThread: Thread is done: Smoke 50 users x2 loops 1-4
2025-11-25 01:53:48,998 INFO o.a.j.t.JMeterThread: Thread finished: Smoke 50 users x2 loops 1-4
2025-11-25 01:53:49,149 INFO o.a.j.t.JMeterThread: Thread started: Smoke 50 users x2 loops 1-5
2025-11-25 01:53:49,177 INFO o.a.j.t.JMeterThread: Thread is done: Smoke 50 users x2 loops 1-5
2025-11-25 01:53:49,177 INFO o.a.j.t.JMeterThread: Thread finished: Smoke 50 users x2 loops 1-5
2025-11-25 01:53:49,354 INFO o.a.j.t.JMeterThread: Thread started: Smoke 50 users x2 loops 1-6
2025-11-25 01:53:49,388 INFO o.a.j.t.JMeterThread: Thread is done: Smoke 50 users x2 loops 1-6
2025-11-25 01:53:49,388 INFO o.a.j.t.JMeterThread: Thread finished: Smoke 50 users x2 loops 1-6
2025-11-25 01:53:49,558 INFO o.a.j.t.JMeterThread: Thread started: Smoke 50 users x2 loops 1-7
2025-11-25 01:53:49,584 INFO o.a.j.t.JMeterThread: Thread is done: Smoke 50 users x2 loops 1-7
2025-11-25 01:53:49,584 INFO o.a.j.t.JMeterThread: Thread finished: Smoke 50 users x2 loops 1-7
2025-11-25 01:53:49,766 INFO o.a.j.t.JMeterThread: Thread started: Smoke 50 users x2 loops 1-8
2025-11-25 01:53:49,790 INFO o.a.j.t.JMeterThread: Thread is done: Smoke 50 users x2 loops 1-8
2025-11-25 01:53:49,790 INFO o.a.j.t.JMeterThread: Thread finished: Smoke 50 users x2 loops 1-8
2025-11-25 01:53:49,943 INFO o.a.j.t.JMeterThread: Thread started: Smoke 50 users x2 loops 1-9
2025-11-25 01:53:49,967 INFO o.a.j.t.JMeterThread: Thread is done: Smoke 50 users x2 loops 1-9
2025-11-25 01:53:49,967 INFO o.a.j.t.JMeterThread: Thread finished: Smoke 50 users x2 loops 1-9
2025-11-25 01:53:50,144 INFO o.a.j.t.JMeterThread: Thread started: Smoke 50 users x2 loops 1-10
2025-11-25 01:53:50,170 INFO o.a.j.t.JMeterThread: Thread is done: Smoke 50 users x2 loops 1-10
2025-11-25 01:53:50,170 INFO o.a.j.t.JMeterThread: Thread finished: Smoke 50 users x2 loops 1-10
2025-11-25 01:53:50,360 INFO o.a.j.t.JMeterThread: Thread started: Smoke 50 users x2 loops 1-11
2025-11-25 01:53:50,398 INFO o.a.j.t.JMeterThread: Thread is done: Smoke 50 users x2 loops 1-11
2025-11-25 01:53:50,398 INFO o.a.j.t.JMeterThread: Thread finished: Smoke 50 users x2 loops 1-11
2025-11-25 01:53:50,553 INFO o.a.j.t.JMeterThread: Thread started: Smoke 50 users x2 loops 1-12
2025-11-25 01:53:50,578 INFO o.a.j.t.JMeterThread: Thread is done: Smoke 50 users x2 loops 1-12
2025-11-25 01:53:50,578 INFO o.a.j.t.JMeterThread: Thread finished: Smoke 50 users x2 loops 1-12
2025-11-25 01:53:50,745 INFO o.a.j.t.JMeterThread: Thread started: Smoke 50 users x2 loops 1-13
2025-11-25 01:53:50,775 INFO o.a.j.t.JMeterThread: Thread is done: Smoke 50 users x2 loops 1-13
2025-11-25 01:53:50,775 INFO o.a.j.t.JMeterThread: Thread finished: Smoke 50 users x2 loops 1-13
2025-11-25 01:53:50,946 INFO o.a.j.t.JMeterThread: Thread started: Smoke 50 users x2 loops 1-14
2025-11-25 01:53:50,977 INFO o.a.j.t.JMeterThread: Thread is done: Smoke 50 users x2 loops 1-14
2025-11-25 01:53:50,977 INFO o.a.j.t.JMeterThread: Thread finished: Smoke 50 users x2 loops 1-14
2025-11-25 01:53:51,156 INFO o.a.j.t.JMeterThread: Thread started: Smoke 50 users x2 loops 1-15
2025-11-25 01:53:51,180 INFO o.a.j.t.JMeterThread: Thread is done: Smoke 50 users x2 loops 1-15
2025-11-25 01:53:51,180 INFO o.a.j.t.JMeterThread: Thread finished: Smoke 50 users x2 loops 1-15
2025-11-25 01:53:51,343 INFO o.a.j.t.JMeterThread: Thread started: Smoke 50 users x2 loops 1-16
2025-11-25 01:53:51,367 INFO o.a.j.t.JMeterThread: Thread is done: Smoke 50 users x2 loops 1-16
2025-11-25 01:53:51,367 INFO o.a.j.t.JMeterThread: Thread finished: Smoke 50 users x2 loops 1-16
2025-11-25 01:53:51,544 INFO o.a.j.t.JMeterThread: Thread started: Smoke 50 users x2 loops 1-17
2025-11-25 01:53:51,570 INFO o.a.j.t.JMeterThread: Thread is done: Smoke 50 users x2 loops 1-17
2025-11-25 01:53:51,570 INFO o.a.j.t.JMeterThread: Thread finished: Smoke 50 users x2 loops 1-17
2025-11-25 01:53:51,744 INFO o.a.j.t.JMeterThread: Thread started: Smoke 50 users x2 loops 1-18
2025-11-25 01:53:51,774 INFO o.a.j.t.JMeterThread: Thread is done: Smoke 50 users x2 loops 1-18
2025-11-25 01:53:51,774 INFO o.a.j.t.JMeterThread: Thread finished: Smoke 50 users x2 loops 1-18
2025-11-25 01:53:51,959 INFO o.a.j.t.JMeterThread: Thread started: Smoke 50 users x2 loops 1-19
2025-11-25 01:53:51,986 INFO o.a.j.t.JMeterThread: Thread is done: Smoke 50 users x2 loops 1-19
2025-11-25 01:53:51,987 INFO o.a.j.t.JMeterThread: Thread finished: Smoke 50 users x2 loops 1-19
2025-11-25 01:53:52,158 INFO o.a.j.t.JMeterThread: Thread started: Smoke 50 users x2 loops 1-20
2025-11-25 01:53:52,183 INFO o.a.j.t.JMeterThread: Thread is done: Smoke 50 users x2 loops 1-20
2025-11-25 01:53:52,183 INFO o.a.j.t.JMeterThread: Thread finished: Smoke 50 users x2 loops 1-20
2025-11-25 01:53:52,344 INFO o.a.j.t.JMeterThread: Thread started: Smoke 50 users x2 loops 1-21
2025-11-25 01:53:52,372 INFO o.a.j.t.JMeterThread: Thread is done: Smoke 50 users x2 loops 1-21
2025-11-25 01:53:52,372 INFO o.a.j.t.JMeterThread: Thread finished: Smoke 50 users x2 loops 1-21
2025-11-25 01:53:52,556 INFO o.a.j.t.JMeterThread: Thread started: Smoke 50 users x2 loops 1-22
2025-11-25 01:53:52,578 INFO o.a.j.t.JMeterThread: Thread is done: Smoke 50 users x2 loops 1-22
2025-11-25 01:53:52,579 INFO o.a.j.t.JMeterThread: Thread finished: Smoke 50 users x2 loops 1-22
2025-11-25 01:53:52,757 INFO o.a.j.t.JMeterThread: Thread started: Smoke 50 users x2 loops 1-23
2025-11-25 01:53:52,782 INFO o.a.j.t.JMeterThread: Thread is done: Smoke 50 users x2 loops 1-23
2025-11-25 01:53:52,782 INFO o.a.j.t.JMeterThread: Thread finished: Smoke 50 users x2 loops 1-23
2025-11-25 01:53:52,957 INFO o.a.j.t.JMeterThread: Thread started: Smoke 50 users x2 loops 1-24
2025-11-25 01:53:52,983 INFO o.a.j.t.JMeterThread: Thread is done: Smoke 50 users x2 loops 1-24
2025-11-25 01:53:52,983 INFO o.a.j.t.JMeterThread: Thread finished: Smoke 50 users x2 loops 1-24
2025-11-25 01:53:53,158 INFO o.a.j.t.JMeterThread: Thread started: Smoke 50 users x2 loops 1-25
2025-11-25 01:53:53,186 INFO o.a.j.t.JMeterThread: Thread is done: Smoke 50 users x2 loops 1-25
2025-11-25 01:53:53,186 INFO o.a.j.t.JMeterThread: Thread finished: Smoke 50 users x2 loops 1-25
2025-11-25 01:53:53,356 INFO o.a.j.t.JMeterThread: Thread started: Smoke 50 users x2 loops 1-26
2025-11-25 01:53:53,385 INFO o.a.j.t.JMeterThread: Thread is done: Smoke 50 users x2 loops 1-26
2025-11-25 01:53:53,385 INFO o.a.j.t.JMeterThread: Thread finished: Smoke 50 users x2 loops 1-26
2025-11-25 01:53:53,558 INFO o.a.j.t.JMeterThread: Thread started: Smoke 50 users x2 loops 1-27
2025-11-25 01:53:53,592 INFO o.a.j.t.JMeterThread: Thread is done: Smoke 50 users x2 loops 1-27
2025-11-25 01:53:53,593 INFO o.a.j.t.JMeterThread: Thread finished: Smoke 50 users x2 loops 1-27
2025-11-25 01:53:53,757 INFO o.a.j.t.JMeterThread: Thread started: Smoke 50 users x2 loops 1-28
2025-11-25 01:53:53,780 INFO o.a.j.t.JMeterThread: Thread is done: Smoke 50 users x2 loops 1-28
2025-11-25 01:53:53,780 INFO o.a.j.t.JMeterThread: Thread finished: Smoke 50 users x2 loops 1-28
2025-11-25 01:53:53,958 INFO o.a.j.t.JMeterThread: Thread started: Smoke 50 users x2 loops 1-29
2025-11-25 01:53:53,984 INFO o.a.j.t.JMeterThread: Thread is done: Smoke 50 users x2 loops 1-29
2025-11-25 01:53:53,984 INFO o.a.j.t.JMeterThread: Thread finished: Smoke 50 users x2 loops 1-29
2025-11-25 01:53:54,156 INFO o.a.j.t.JMeterThread: Thread started: Smoke 50 users x2 loops 1-30
2025-11-25 01:53:54,182 INFO o.a.j.t.JMeterThread: Thread is done: Smoke 50 users x2 loops 1-30
2025-11-25 01:53:54,182 INFO o.a.j.t.JMeterThread: Thread finished: Smoke 50 users x2 loops 1-30
2025-11-25 01:53:54,355 INFO o.a.j.t.JMeterThread: Thread started: Smoke 50 users x2 loops 1-31
2025-11-25 01:53:54,382 INFO o.a.j.t.JMeterThread: Thread is done: Smoke 50 users x2 loops 1-31
2025-11-25 01:53:54,383 INFO o.a.j.t.JMeterThread: Thread finished: Smoke 50 users x2 loops 1-31
2025-11-25 01:53:54,556 INFO o.a.j.t.JMeterThread: Thread started: Smoke 50 users x2 loops 1-32
2025-11-25 01:53:54,582 INFO o.a.j.t.JMeterThread: Thread is done: Smoke 50 users x2 loops 1-32
2025-11-25 01:53:54,582 INFO o.a.j.t.JMeterThread: Thread finished: Smoke 50 users x2 loops 1-32
2025-11-25 01:53:54,754 INFO o.a.j.t.JMeterThread: Thread started: Smoke 50 users x2 loops 1-33
2025-11-25 01:53:54,781 INFO o.a.j.t.JMeterThread: Thread is done: Smoke 50 users x2 loops 1-33
2025-11-25 01:53:54,781 INFO o.a.j.t.JMeterThread: Thread finished: Smoke 50 users x2 loops 1-33
2025-11-25 01:53:54,954 INFO o.a.j.t.JMeterThread: Thread started: Smoke 50 users x2 loops 1-34
2025-11-25 01:53:54,977 INFO o.a.j.t.JMeterThread: Thread is done: Smoke 50 users x2 loops 1-34
2025-11-25 01:53:54,977 INFO o.a.j.t.JMeterThread: Thread finished: Smoke 50 users x2 loops 1-34
2025-11-25 01:53:55,155 INFO o.a.j.t.JMeterThread: Thread started: Smoke 50 users x2 loops 1-35
2025-11-25 01:53:55,185 INFO o.a.j.t.JMeterThread: Thread is done: Smoke 50 users x2 loops 1-35
2025-11-25 01:53:55,185 INFO o.a.j.t.JMeterThread: Thread finished: Smoke 50 users x2 loops 1-35
2025-11-25 01:53:55,353 INFO o.a.j.t.JMeterThread: Thread started: Smoke 50 users x2 loops 1-36
2025-11-25 01:53:55,376 INFO o.a.j.t.JMeterThread: Thread is done: Smoke 50 users x2 loops 1-36
2025-11-25 01:53:55,377 INFO o.a.j.t.JMeterThread: Thread finished: Smoke 50 users x2 loops 1-36
2025-11-25 01:53:55,554 INFO o.a.j.t.JMeterThread: Thread started: Smoke 50 users x2 loops 1-37
2025-11-25 01:53:55,580 INFO o.a.j.t.JMeterThread: Thread is done: Smoke 50 users x2 loops 1-37
2025-11-25 01:53:55,581 INFO o.a.j.t.JMeterThread: Thread finished: Smoke 50 users x2 loops 1-37
2025-11-25 01:53:55,754 INFO o.a.j.t.JMeterThread: Thread started: Smoke 50 users x2 loops 1-38
2025-11-25 01:53:55,778 INFO o.a.j.t.JMeterThread: Thread is done: Smoke 50 users x2 loops 1-38
2025-11-25 01:53:55,778 INFO o.a.j.t.JMeterThread: Thread finished: Smoke 50 users x2 loops 1-38
2025-11-25 01:53:55,954 INFO o.a.j.t.JMeterThread: Thread started: Smoke 50 users x2 loops 1-39
2025-11-25 01:53:55,978 INFO o.a.j.t.JMeterThread: Thread is done: Smoke 50 users x2 loops 1-39
2025-11-25 01:53:55,978 INFO o.a.j.t.JMeterThread: Thread finished: Smoke 50 users x2 loops 1-39
2025-11-25 01:53:56,154 INFO o.a.j.t.JMeterThread: Thread started: Smoke 50 users x2 loops 1-40
2025-11-25 01:53:56,181 INFO o.a.j.t.JMeterThread: Thread is done: Smoke 50 users x2 loops 1-40
2025-11-25 01:53:56,181 INFO o.a.j.t.JMeterThread: Thread finished: Smoke 50 users x2 loops 1-40
2025-11-25 01:53:56,354 INFO o.a.j.t.JMeterThread: Thread started: Smoke 50 users x2 loops 1-41
2025-11-25 01:53:56,379 INFO o.a.j.t.JMeterThread: Thread is done: Smoke 50 users x2 loops 1-41
2025-11-25 01:53:56,379 INFO o.a.j.t.JMeterThread: Thread finished: Smoke 50 users x2 loops 1-41
2025-11-25 01:53:56,554 INFO o.a.j.t.JMeterThread: Thread started: Smoke 50 users x2 loops 1-42
2025-11-25 01:53:56,576 INFO o.a.j.t.JMeterThread: Thread is done: Smoke 50 users x2 loops 1-42
2025-11-25 01:53:56,576 INFO o.a.j.t.JMeterThread: Thread finished: Smoke 50 users x2 loops 1-42
2025-11-25 01:53:56,752 INFO o.a.j.t.JMeterThread: Thread started: Smoke 50 users x2 loops 1-43
2025-11-25 01:53:56,774 INFO o.a.j.t.JMeterThread: Thread is done: Smoke 50 users x2 loops 1-43
2025-11-25 01:53:56,774 INFO o.a.j.t.JMeterThread: Thread finished: Smoke 50 users x2 loops 1-43
2025-11-25 01:53:56,946 INFO o.a.j.t.JMeterThread: Thread started: Smoke 50 users x2 loops 1-44
2025-11-25 01:53:56,969 INFO o.a.j.t.JMeterThread: Thread is done: Smoke 50 users x2 loops 1-44
2025-11-25 01:53:56,969 INFO o.a.j.t.JMeterThread: Thread finished: Smoke 50 users x2 loops 1-44
2025-11-25 01:53:57,150 INFO o.a.j.t.JMeterThread: Thread started: Smoke 50 users x2 loops 1-45
2025-11-25 01:53:57,176 INFO o.a.j.t.JMeterThread: Thread is done: Smoke 50 users x2 loops 1-45
2025-11-25 01:53:57,176 INFO o.a.j.t.JMeterThread: Thread finished: Smoke 50 users x2 loops 1-45
2025-11-25 01:53:57,352 INFO o.a.j.t.JMeterThread: Thread started: Smoke 50 users x2 loops 1-46
2025-11-25 01:53:57,376 INFO o.a.j.t.JMeterThread: Thread is done: Smoke 50 users x2 loops 1-46
2025-11-25 01:53:57,376 INFO o.a.j.t.JMeterThread: Thread finished: Smoke 50 users x2 loops 1-46
2025-11-25 01:53:57,545 INFO o.a.j.t.JMeterThread: Thread started: Smoke 50 users x2 loops 1-47
2025-11-25 01:53:57,573 INFO o.a.j.t.JMeterThread: Thread is done: Smoke 50 users x2 loops 1-47
2025-11-25 01:53:57,573 INFO o.a.j.t.JMeterThread: Thread finished: Smoke 50 users x2 loops 1-47
2025-11-25 01:53:57,748 INFO o.a.j.t.JMeterThread: Thread started: Smoke 50 users x2 loops 1-48
2025-11-25 01:53:57,773 INFO o.a.j.t.JMeterThread: Thread is done: Smoke 50 users x2 loops 1-48
2025-11-25 01:53:57,773 INFO o.a.j.t.JMeterThread: Thread finished: Smoke 50 users x2 loops 1-48
2025-11-25 01:53:57,948 INFO o.a.j.t.JMeterThread: Thread started: Smoke 50 users x2 loops 1-49
2025-11-25 01:53:57,971 INFO o.a.j.t.JMeterThread: Thread is done: Smoke 50 users x2 loops 1-49
2025-11-25 01:53:57,971 INFO o.a.j.t.JMeterThread: Thread finished: Smoke 50 users x2 loops 1-49
2025-11-25 01:53:58,148 INFO o.a.j.t.JMeterThread: Thread started: Smoke 50 users x2 loops 1-50
2025-11-25 01:53:58,177 INFO o.a.j.t.JMeterThread: Thread is done: Smoke 50 users x2 loops 1-50
2025-11-25 01:53:58,177 INFO o.a.j.t.JMeterThread: Thread finished: Smoke 50 users x2 loops 1-50
2025-11-25 01:53:58,178 INFO o.a.j.e.StandardJMeterEngine: Notifying test listeners of end of test
2025-11-25 01:53:58,178 INFO o.a.j.g.u.JMeterMenuBar: setRunning(false, *local*)
